ANY INFO 2018-05-22 18:34:46.685578: SoundIcon: SCREENREADERON./usr/share/sounds/fenrirscreenreader/default/ScreenReaderOn.wav
ANY INFO 2018-05-22 18:34:46.685752: SoundIcon: SCREENREADEROFF./usr/share/sounds/fenrirscreenreader/default/ScreenReaderOff.wav
ANY INFO 2018-05-22 18:34:46.685893: SoundIcon: PTYBYPASS./usr/share/sounds/fenrirscreenreader/default/PTYBypass.wav
ANY INFO 2018-05-22 18:34:46.686004: SoundIcon: CANCEL./usr/share/sounds/fenrirscreenreader/default/Cancel.wav
ANY INFO 2018-05-22 18:34:46.686074: SoundIcon: ACCEPT./usr/share/sounds/fenrirscreenreader/default/Accept.wav
ANY INFO 2018-05-22 18:34:46.686145: SoundIcon: CHANGETTY./usr/share/sounds/fenrirscreenreader/default/ChangeTTY.wav
ANY INFO 2018-05-22 18:34:46.686213: SoundIcon: STARTOFLINE./usr/share/sounds/fenrirscreenreader/default/StartOfLine.wav
ANY INFO 2018-05-22 18:34:46.686279: SoundIcon: ENDOFLINE./usr/share/sounds/fenrirscreenreader/default/EndOfLine.wav
ANY INFO 2018-05-22 18:34:46.686350: SoundIcon: EMPTYLINE./usr/share/sounds/fenrirscreenreader/default/EmptyLine.wav
ANY INFO 2018-05-22 18:34:46.686416: SoundIcon: STARTOFSCREEN./usr/share/sounds/fenrirscreenreader/default/StartOfScreen.wav
ANY INFO 2018-05-22 18:34:46.686482: SoundIcon: ENDOFSCREEN./usr/share/sounds/fenrirscreenreader/default/EndOfScreen.wav
ANY INFO 2018-05-22 18:34:46.686547: SoundIcon: CONTENTCHANGED./usr/share/sounds/fenrirscreenreader/default/ContentChanged.wav
ANY INFO 2018-05-22 18:34:46.686611: SoundIcon: SPEECHON./usr/share/sounds/fenrirscreenreader/default/SpeechOn.wav
ANY INFO 2018-05-22 18:34:46.686678: SoundIcon: SPEECHOFF./usr/share/sounds/fenrirscreenreader/default/SpeechOff.wav
ANY INFO 2018-05-22 18:34:46.686743: SoundIcon: BRAILLEON./usr/share/sounds/fenrirscreenreader/default/BrailleOn.wav
ANY INFO 2018-05-22 18:34:46.686806: SoundIcon: BRAILLEOFF./usr/share/sounds/fenrirscreenreader/default/BrailleOff.wav
ANY INFO 2018-05-22 18:34:46.686870: SoundIcon: SOUNDON./usr/share/sounds/fenrirscreenreader/default/SoundOn.wav
ANY INFO 2018-05-22 18:34:46.686933: SoundIcon: SOUNDOFF./usr/share/sounds/fenrirscreenreader/default/SoundOff.wav
ANY INFO 2018-05-22 18:34:46.686998: SoundIcon: PLACESTARTMARK./usr/share/sounds/fenrirscreenreader/default/PlaceStartMark.wav
ANY INFO 2018-05-22 18:34:46.687063: SoundIcon: PLACEENDMARK./usr/share/sounds/fenrirscreenreader/default/PlaceEndMark.wav
ANY INFO 2018-05-22 18:34:46.687127: SoundIcon: COPYTOCLIPBOARD./usr/share/sounds/fenrirscreenreader/default/CopyToClipboard.wav
ANY INFO 2018-05-22 18:34:46.687193: SoundIcon: PASTECLIPBOARDONSCREEN./usr/share/sounds/fenrirscreenreader/default/PasteClipboardOnScreen.wav
ANY INFO 2018-05-22 18:34:46.687259: SoundIcon: ERRORSPEECH./usr/share/sounds/fenrirscreenreader/default/ErrorSpeech.wav
ANY INFO 2018-05-22 18:34:46.687355: SoundIcon: ERRORBRAILLE./usr/share/sounds/fenrirscreenreader/default/ErrorBraille.wav
ANY INFO 2018-05-22 18:34:46.687462: SoundIcon: ERRORSCREEN./usr/share/sounds/fenrirscreenreader/default/ErrorScreen.wav
ANY INFO 2018-05-22 18:34:46.687574: SoundIcon: HASATTRIBUTES.
ANY INFO 2018-05-22 18:34:46.687676: SoundIcon: PROMOTEDTEXT./usr/share/sounds/fenrirscreenreader/default/PromotedText.wav
ANY INFO 2018-05-22 18:34:46.687748: SoundIcon: MISPELL./usr/share/sounds/fenrirscreenreader/default/mispell.wav
ANY INFO 2018-05-22 18:34:46.687841: SoundIcon: CAPITAL./usr/share/sounds/fenrirscreenreader/default/Caps.wav
ANY INFO 2018-05-22 18:34:46.687909: SoundIcon: ANNOUNCE./usr/share/sounds/fenrirscreenreader/default/Announce.wav
ANY INFO 2018-05-22 18:34:46.688217: Punctuation: LEVELDICT.none :
ANY INFO 2018-05-22 18:34:46.688284: Punctuation: LEVELDICT.some :-$~+*-/\@
ANY INFO 2018-05-22 18:34:46.688334: Punctuation: LEVELDICT.most :.,:-$~+*-/\@!#%^&*()[]}{<>;
ANY INFO 2018-05-22 18:34:46.688388: Punctuation: LEVELDICT.all :!"#$%& \'()*+,-./:;<=>?@[\\]^_`{|}~
ANY INFO 2018-05-22 18:34:46.688445: Punctuation: PUNCTDICT.  :space
ANY INFO 2018-05-22 18:34:46.688494: Punctuation: PUNCTDICT.& :and
ANY INFO 2018-05-22 18:34:46.688547: Punctuation: PUNCTDICT.' :apostrophe
ANY INFO 2018-05-22 18:34:46.688598: Punctuation: PUNCTDICT.@ :at
ANY INFO 2018-05-22 18:34:46.688646: Punctuation: PUNCTDICT.\ :backslash
ANY INFO 2018-05-22 18:34:46.688696: Punctuation: PUNCTDICT.| :bar
ANY INFO 2018-05-22 18:34:46.688757: Punctuation: PUNCTDICT.! :bang
ANY INFO 2018-05-22 18:34:46.688809: Punctuation: PUNCTDICT.^ :carrot
ANY INFO 2018-05-22 18:34:46.688860: Punctuation: PUNCTDICT.: :colon
ANY INFO 2018-05-22 18:34:46.688908: Punctuation: PUNCTDICT., :comma
ANY INFO 2018-05-22 18:34:46.688960: Punctuation: PUNCTDICT.- :dash
ANY INFO 2018-05-22 18:34:46.689011: Punctuation: PUNCTDICT.$ :dollar
ANY INFO 2018-05-22 18:34:46.689059: Punctuation: PUNCTDICT.. :dot
ANY INFO 2018-05-22 18:34:46.689109: Punctuation: PUNCTDICT.> :greater
ANY INFO 2018-05-22 18:34:46.689157: Punctuation: PUNCTDICT.` :grave
ANY INFO 2018-05-22 18:34:46.689207: Punctuation: PUNCTDICT.{ :left brace
ANY INFO 2018-05-22 18:34:46.689256: Punctuation: PUNCTDICT.[ :left bracket
ANY INFO 2018-05-22 18:34:46.689305: Punctuation: PUNCTDICT.( :left paren
ANY INFO 2018-05-22 18:34:46.689355: Punctuation: PUNCTDICT.< :less
ANY INFO 2018-05-22 18:34:46.689403: Punctuation: PUNCTDICT.% :percent
ANY INFO 2018-05-22 18:34:46.689452: Punctuation: PUNCTDICT.+ :plus
ANY INFO 2018-05-22 18:34:46.689500: Punctuation: PUNCTDICT.? :question?
ANY INFO 2018-05-22 18:34:46.689548: Punctuation: PUNCTDICT." :quote
ANY INFO 2018-05-22 18:34:46.689596: Punctuation: PUNCTDICT.) :right paren
ANY INFO 2018-05-22 18:34:46.689643: Punctuation: PUNCTDICT.} :right brace
ANY INFO 2018-05-22 18:34:46.689691: Punctuation: PUNCTDICT.] :right bracket
ANY INFO 2018-05-22 18:34:46.689739: Punctuation: PUNCTDICT.; :semicolon
ANY INFO 2018-05-22 18:34:46.689787: Punctuation: PUNCTDICT./ :slash
ANY INFO 2018-05-22 18:34:46.689836: Punctuation: PUNCTDICT.* :star
ANY INFO 2018-05-22 18:34:46.689883: Punctuation: PUNCTDICT.~ :tilde
ANY INFO 2018-05-22 18:34:46.689933: Punctuation: PUNCTDICT._ :line
ANY INFO 2018-05-22 18:34:46.689981: Punctuation: PUNCTDICT.= :equals
ANY INFO 2018-05-22 18:34:46.690039: Punctuation: EMOTICONDICT.:) :smile
ANY INFO 2018-05-22 18:34:46.690087: Punctuation: EMOTICONDICT.;) :wink
ANY INFO 2018-05-22 18:34:46.690136: Punctuation: EMOTICONDICT.XD :LOL
ANY INFO 2018-05-22 18:34:46.690185: Punctuation: EMOTICONDICT.:D :laugh
ANY INFO 2018-05-22 18:34:46.690234: Punctuation: EMOTICONDICT.<{-.-}> :Raves
ANY INFO 2018-05-22 18:34:46.690282: Punctuation: EMOTICONDICT.\o/ :Hurray
ERROR 2018-05-22 18:34:46.749806: loop start
ERROR 2018-05-22 18:34:46.749895: open(deviceFile)
ERROR 2018-05-22 18:34:46.840500: currDevice = evdev.InputDevice(deviceFile)
ERROR 2018-05-22 18:34:46.840848: naming
ERROR 2018-05-22 18:34:46.840966: loaded name:HDA Intel PCH HDMI/DP,pcm=3
ERROR 2018-05-22 18:34:46.841076: cap = currDevice.capabilities()
ERROR 2018-05-22 18:34:46.841206: cap = currDevice.capabilities() fin
INFO 2018-05-22 18:34:46.841339: Device Skipped (no EV_KEY):HDA Intel PCH HDMI/DP,pcm=3
ERROR 2018-05-22 18:34:46.841517: loop end
ERROR 2018-05-22 18:34:46.841704: loop start
ERROR 2018-05-22 18:34:46.841875: open(deviceFile)
ERROR 2018-05-22 18:34:46.914283: currDevice = evdev.InputDevice(deviceFile)
ERROR 2018-05-22 18:34:46.964474: naming
ERROR 2018-05-22 18:34:46.964641: loaded name:HDA Intel PCH Headphone
ERROR 2018-05-22 18:34:46.964746: cap = currDevice.capabilities()
ERROR 2018-05-22 18:34:46.964867: cap = currDevice.capabilities() fin
INFO 2018-05-22 18:34:46.964970: Device Skipped (no EV_KEY):HDA Intel PCH Headphone
ERROR 2018-05-22 18:34:46.965071: loop end
ERROR 2018-05-22 18:34:46.965169: loop start
ERROR 2018-05-22 18:34:46.965265: open(deviceFile)
ERROR 2018-05-22 18:34:47.032616: currDevice = evdev.InputDevice(deviceFile)
ERROR 2018-05-22 18:34:47.080879: naming
ERROR 2018-05-22 18:34:47.081085: loaded name:HDA Intel PCH Mic
ERROR 2018-05-22 18:34:47.081221: cap = currDevice.capabilities()
ERROR 2018-05-22 18:34:47.081375: cap = currDevice.capabilities() fin
INFO 2018-05-22 18:34:47.081509: Device Skipped (no EV_KEY):HDA Intel PCH Mic
ERROR 2018-05-22 18:34:47.081635: loop end
ERROR 2018-05-22 18:34:47.082049: loop start
ERROR 2018-05-22 18:34:47.082244: open(deviceFile)
ERROR 2018-05-22 18:34:47.125040: currDevice = evdev.InputDevice(deviceFile)
ERROR 2018-05-22 18:34:47.170491: naming
ERROR 2018-05-22 18:34:47.170694: loaded name:HDA Digital PCBeep
ERROR 2018-05-22 18:34:47.170833: cap = currDevice.capabilities()
ERROR 2018-05-22 18:34:47.170988: cap = currDevice.capabilities() fin
INFO 2018-05-22 18:34:47.171124: Device Skipped (no EV_KEY):HDA Digital PCBeep
ERROR 2018-05-22 18:34:47.171252: loop end
ERROR 2018-05-22 18:34:47.171379: loop start
ERROR 2018-05-22 18:34:47.171506: open(deviceFile)
ERROR 2018-05-22 18:34:47.217148: currDevice = evdev.InputDevice(deviceFile)
ERROR 2018-05-22 18:34:47.258077: naming
ERROR 2018-05-22 18:34:47.258299: loaded name:SynPS/2 Synaptics TouchPad
ERROR 2018-05-22 18:34:47.258435: cap = currDevice.capabilities()
ERROR 2018-05-22 18:34:47.258685: cap = currDevice.capabilities() fin
ERROR 2018-05-22 18:34:47.259022: eventType.EV_KEY in cap NoOfCaps: {0: [0, 1, 3], 1: [272, 273, 325, 328, 330, 333, 334, 335], 3: [(0, AbsInfo(value=5695, min=1240, max=5702, fuzz=0, flat=0, resolution=51)), (1, AbsInfo(value=3536, min=918, max=4936, fuzz=0, flat=0, resolution=108)), (24, AbsInfo(value=0, min=0, max=255, fuzz=0, flat=0, resolution=0)), (28, AbsInfo(value=0, min=0, max=15, fuzz=0, flat=0, resolution=0)), (47, AbsInfo(value=0, min=0, max=1, fuzz=0, flat=0, resolution=0)), (53, AbsInfo(value=0, min=1240, max=5702, fuzz=8, flat=0, resolution=51)), (54, AbsInfo(value=0, min=918, max=4936, fuzz=8, flat=0, resolution=108)), (57, AbsInfo(value=0, min=0, max=65535, fuzz=0, flat=0, resolution=0)), (58, AbsInfo(value=0, min=0, max=255, fuzz=0, flat=0, resolution=0))]}
INFO 2018-05-22 18:34:47.259199: Device Skipped (< 60 keys):SynPS/2 Synaptics TouchPad
ERROR 2018-05-22 18:34:47.259334: loop start
ERROR 2018-05-22 18:34:47.259461: open(deviceFile)
ERROR 2018-05-22 18:34:47.278374: currDevice = evdev.InputDevice(deviceFile)
ERROR 2018-05-22 18:34:47.327961: naming
ERROR 2018-05-22 18:34:47.328162: loop start
ERROR 2018-05-22 18:34:47.328300: open(deviceFile)
ERROR 2018-05-22 18:34:47.365875: currDevice = evdev.InputDevice(deviceFile)
ERROR 2018-05-22 18:34:47.381533: naming
ERROR 2018-05-22 18:34:47.381747: loaded name:HP WMI hotkeys
ERROR 2018-05-22 18:34:47.381886: cap = currDevice.capabilities()
ERROR 2018-05-22 18:34:47.382062: cap = currDevice.capabilities() fin
ERROR 2018-05-22 18:34:47.382275: eventType.EV_KEY in cap NoOfCaps: {0: [0, 1, 4, 5], 1: [138, 141, 148, 153, 224, 225, 226, 240, 358], 4: [4]}
INFO 2018-05-22 18:34:47.382410: Device Skipped (< 60 keys):HP WMI hotkeys
ERROR 2018-05-22 18:34:47.382540: loop start
ERROR 2018-05-22 18:34:47.382665: open(deviceFile)
ERROR 2018-05-22 18:34:47.419134: currDevice = evdev.InputDevice(deviceFile)
ERROR 2018-05-22 18:34:47.434105: naming
ERROR 2018-05-22 18:34:47.434345: loaded name:Video Bus
ERROR 2018-05-22 18:34:47.434495: cap = currDevice.capabilities()
ERROR 2018-05-22 18:34:47.434710: cap = currDevice.capabilities() fin
ERROR 2018-05-22 18:34:47.434892: eventType.EV_KEY in cap NoOfCaps: {0: [0, 1], 1: [224, 225, 227, 241, 242, 243, 244, 245]}
INFO 2018-05-22 18:34:47.435008: Device Skipped (< 60 keys):Video Bus
ERROR 2018-05-22 18:34:47.435106: loop start
ERROR 2018-05-22 18:34:47.435201: open(deviceFile)
ERROR 2018-05-22 18:34:47.472503: currDevice = evdev.InputDevice(deviceFile)
ERROR 2018-05-22 18:34:47.492727: naming
ERROR 2018-05-22 18:34:47.492968: loop start
ERROR 2018-05-22 18:34:47.493117: open(deviceFile)
ERROR 2018-05-22 18:34:47.525807: currDevice = evdev.InputDevice(deviceFile)
ERROR 2018-05-22 18:34:47.543753: naming
ERROR 2018-05-22 18:34:47.543962: loaded name:HP Truevision HD: HP Truevision
ERROR 2018-05-22 18:34:47.544098: cap = currDevice.capabilities()
ERROR 2018-05-22 18:34:47.544254: cap = currDevice.capabilities() fin
ERROR 2018-05-22 18:34:47.544401: eventType.EV_KEY in cap NoOfCaps: {0: [0, 1], 1: [212]}
INFO 2018-05-22 18:34:47.544533: Device Skipped (< 60 keys):HP Truevision HD: HP Truevision
ERROR 2018-05-22 18:34:47.544658: loop start
ERROR 2018-05-22 18:34:47.544782: open(deviceFile)
ERROR 2018-05-22 18:34:47.580764: currDevice = evdev.InputDevice(deviceFile)
ERROR 2018-05-22 18:34:47.600315: naming
ERROR 2018-05-22 18:34:47.600509: loaded name:PC Speaker
ERROR 2018-05-22 18:34:47.600645: cap = currDevice.capabilities()
ERROR 2018-05-22 18:34:47.600799: cap = currDevice.capabilities() fin
INFO 2018-05-22 18:34:47.600930: Device Skipped (no EV_KEY):PC Speaker
ERROR 2018-05-22 18:34:47.601052: loop end
ERROR 2018-05-22 18:34:47.601177: loop start
ERROR 2018-05-22 18:34:47.601300: open(deviceFile)
ERROR 2018-05-22 18:34:47.622033: currDevice = evdev.InputDevice(deviceFile)
ERROR 2018-05-22 18:34:47.683820: naming
ERROR 2018-05-22 18:34:47.684124: loaded name:HP Wireless hotkeys
ERROR 2018-05-22 18:34:47.684265: cap = currDevice.capabilities()
ERROR 2018-05-22 18:34:47.684422: cap = currDevice.capabilities() fin
ERROR 2018-05-22 18:34:47.684570: eventType.EV_KEY in cap NoOfCaps: {0: [0, 1], 1: [247]}
INFO 2018-05-22 18:34:47.684697: Device Skipped (< 60 keys):HP Wireless hotkeys
ERROR 2018-05-22 18:34:47.684820: loop start
ERROR 2018-05-22 18:34:47.684939: open(deviceFile)
ERROR 2018-05-22 18:34:47.709397: currDevice = evdev.InputDevice(deviceFile)
ERROR 2018-05-22 18:34:47.739166: naming
ERROR 2018-05-22 18:34:47.739415: loaded name:AT Translated Set 2 keyboard
ERROR 2018-05-22 18:34:47.739576: cap = currDevice.capabilities()
ERROR 2018-05-22 18:34:47.740108: cap = currDevice.capabilities() fin
ERROR 2018-05-22 18:34:47.740346: eventType.EV_KEY in cap NoOfCaps: {0: [0, 1, 4, 17, 20], 1: [1, 2, 3, 4, 5, 6, 7, 8, 9, 10, 11, 12, 13, 14, 15, 16, 17, 18, 19, 20, 21, 22, 23, 24, 25, 26, 27, 28, 29, 30, 31, 32, 33, 34, 35, 36, 37, 38, 39, 40, 41, 42, 43, 44, 45, 46, 47, 48, 49, 50, 51, 52, 53, 54, 55, 56, 57, 58, 59, 60, 61, 62, 63, 64, 65, 66, 67, 68, 69, 70, 71, 72, 73, 74, 75, 76, 77, 78, 79, 80, 81, 82, 83, 85, 86, 87, 88, 89, 90, 91, 92, 93, 94, 95, 96, 97, 98, 99, 100, 102, 103, 104, 105, 106, 107, 108, 109, 110, 111, 112, 113, 114, 115, 116, 117, 118, 119, 121, 122, 123, 124, 125, 126, 127, 128, 138, 140, 142, 143, 152, 155, 156, 157, 158, 159, 163, 164, 165, 166, 172, 173, 183, 184, 185, 212, 217, 224, 225, 226, 227, 236, 238, 240, 389, 465], 4: [4], 17: [0, 1, 2]}
INFO 2018-05-22 18:34:47.740515: InputDriver evdev: device added:  11 device /dev/input/event3, name "AT Translated Set 2 keyboard", phys "isa0060/serio0/input0"
WARNING 2018-05-22 18:34:47.741041: InputDriver evdev: compat fallback:  21
INFO 2018-05-22 18:34:47.844120: Device added (ALL):AT Translated Set 2 keyboard
ERROR 2018-05-22 18:34:47.844267: loop end
ERROR 2018-05-22 18:34:47.844371: loop start
ERROR 2018-05-22 18:34:47.844469: open(deviceFile)
ERROR 2018-05-22 18:34:47.859304: currDevice = evdev.InputDevice(deviceFile)
ERROR 2018-05-22 18:34:47.859412: naming
ERROR 2018-05-22 18:34:47.859464: loaded name:Power Button
ERROR 2018-05-22 18:34:47.859509: cap = currDevice.capabilities()
ERROR 2018-05-22 18:34:47.859563: cap = currDevice.capabilities() fin
ERROR 2018-05-22 18:34:47.859612: eventType.EV_KEY in cap NoOfCaps: {0: [0, 1], 1: [116]}
INFO 2018-05-22 18:34:47.859656: Device Skipped (has 116):Power Button
ERROR 2018-05-22 18:34:47.859713: loop start
ERROR 2018-05-22 18:34:47.859769: open(deviceFile)
ERROR 2018-05-22 18:34:47.906520: currDevice = evdev.InputDevice(deviceFile)
ERROR 2018-05-22 18:34:47.925838: naming
ERROR 2018-05-22 18:34:47.926024: loaded name:Power Button
ERROR 2018-05-22 18:34:47.926151: cap = currDevice.capabilities()
ERROR 2018-05-22 18:34:47.926295: cap = currDevice.capabilities() fin
ERROR 2018-05-22 18:34:47.926434: eventType.EV_KEY in cap NoOfCaps: {0: [0, 1], 1: [116]}
INFO 2018-05-22 18:34:47.926561: Device Skipped (has 116):Power Button
ERROR 2018-05-22 18:34:47.926713: loop start
ERROR 2018-05-22 18:34:47.926876: open(deviceFile)
ERROR 2018-05-22 18:34:47.946243: currDevice = evdev.InputDevice(deviceFile)
ERROR 2018-05-22 18:34:47.967699: naming
ERROR 2018-05-22 18:34:47.967910: loaded name:Lid Switch
ERROR 2018-05-22 18:34:47.968212: cap = currDevice.capabilities()
ERROR 2018-05-22 18:34:47.968379: cap = currDevice.capabilities() fin
INFO 2018-05-22 18:34:47.968516: Device Skipped (no EV_KEY):Lid Switch
ERROR 2018-05-22 18:34:47.968642: loop end
ANY INFO 2018-05-22 18:34:48.007248: Loading Driver inputDriver (evdevDriver) OK
ANY INFO 2018-05-22 18:34:48.013122: Load command:commands.00_INIT_COMMANDS
ANY INFO 2018-05-22 18:34:48.076969: Load command:commands.ADD_WORD_TO_SPELL_CHECK
ANY INFO 2018-05-22 18:34:48.077325: Load command:commands.ATTRIBUTE_CURSOR
ANY INFO 2018-05-22 18:34:48.077907: Load command:commands.BOOKMARK_1
ANY INFO 2018-05-22 18:34:48.078133: Load command:commands.BOOKMARK_10
ANY INFO 2018-05-22 18:34:48.078311: Load command:commands.BOOKMARK_2
ANY INFO 2018-05-22 18:34:48.078490: Load command:commands.BOOKMARK_3
ANY INFO 2018-05-22 18:34:48.078666: Load command:commands.BOOKMARK_4
ANY INFO 2018-05-22 18:34:48.078874: Load command:commands.BOOKMARK_5
ANY INFO 2018-05-22 18:34:48.079081: Load command:commands.BOOKMARK_6
ANY INFO 2018-05-22 18:34:48.079314: Load command:commands.BOOKMARK_7
ANY INFO 2018-05-22 18:34:48.079498: Load command:commands.BOOKMARK_8
ANY INFO 2018-05-22 18:34:48.079671: Load command:commands.BOOKMARK_9
ANY INFO 2018-05-22 18:34:48.079834: Load command:commands.BRAILLE_FLUSH
ANY INFO 2018-05-22 18:34:48.080005: Load command:commands.BRAILLE_PAN_LEFT
ANY INFO 2018-05-22 18:34:48.080173: Load command:commands.BRAILLE_PAN_RIGHT
ANY INFO 2018-05-22 18:34:48.080344: Load command:commands.BRAILLE_RETURN_TO_CURSOR
ANY INFO 2018-05-22 18:34:48.080535: Load command:commands.CLEAR_BOOKMARK_1
ANY INFO 2018-05-22 18:34:48.080715: Load command:commands.CLEAR_BOOKMARK_10
ANY INFO 2018-05-22 18:34:48.080892: Load command:commands.CLEAR_BOOKMARK_2
ANY INFO 2018-05-22 18:34:48.081117: Load command:commands.CLEAR_BOOKMARK_3
ANY INFO 2018-05-22 18:34:48.081298: Load command:commands.CLEAR_BOOKMARK_4
ANY INFO 2018-05-22 18:34:48.081487: Load command:commands.CLEAR_BOOKMARK_5
ANY INFO 2018-05-22 18:34:48.081657: Load command:commands.CLEAR_BOOKMARK_6
ANY INFO 2018-05-22 18:34:48.081840: Load command:commands.CLEAR_BOOKMARK_7
ANY INFO 2018-05-22 18:34:48.082017: Load command:commands.CLEAR_BOOKMARK_8
ANY INFO 2018-05-22 18:34:48.082193: Load command:commands.CLEAR_BOOKMARK_9
ANY INFO 2018-05-22 18:34:48.082379: Load command:commands.CLEAR_CLIPBOARD
ANY INFO 2018-05-22 18:34:48.082566: Load command:commands.CLEAR_WINDOW_APPLICATION
ANY INFO 2018-05-22 18:34:48.082748: Load command:commands.COPY_LAST_ECHO_TO_CLIPBOARD
ANY INFO 2018-05-22 18:34:48.082941: Load command:commands.COPY_MARKED_TO_CLIPBOARD
ANY INFO 2018-05-22 18:34:48.083113: Load command:commands.CURR_CLIPBOARD
ANY INFO 2018-05-22 18:34:48.083292: Load command:commands.CURR_SCREEN
ANY INFO 2018-05-22 18:34:48.083470: Load command:commands.CURR_SCREEN_AFTER_CURSOR
ANY INFO 2018-05-22 18:34:48.083653: Load command:commands.CURR_SCREEN_BEFORE_CURSOR
ANY INFO 2018-05-22 18:34:48.083825: Load command:commands.CURSOR_COLUMN
ANY INFO 2018-05-22 18:34:48.083997: Load command:commands.CURSOR_LINENO
ANY INFO 2018-05-22 18:34:48.084201: Load command:commands.CURSOR_POSITION
ANY INFO 2018-05-22 18:34:48.084449: Load command:commands.CURSOR_READ_TO_END_OF_LINE
ANY INFO 2018-05-22 18:34:48.084632: Load command:commands.DATE
ANY INFO 2018-05-22 18:34:48.085091: Load command:commands.DEC_ALSA_VOLUME
ANY INFO 2018-05-22 18:34:48.085292: Load command:commands.DEC_SOUND_VOLUME
ANY INFO 2018-05-22 18:34:48.085503: Load command:commands.DEC_SPEECH_PITCH
ANY INFO 2018-05-22 18:34:48.085695: Load command:commands.DEC_SPEECH_RATE
ANY INFO 2018-05-22 18:34:48.085884: Load command:commands.DEC_SPEECH_VOLUME
ANY INFO 2018-05-22 18:34:48.086070: Load command:commands.EXIT_REVIEW
ANY INFO 2018-05-22 18:34:48.086254: Load command:commands.EXPORT_CLIPBOARD_TO_FILE
ANY INFO 2018-05-22 18:34:48.086458: Load command:commands.EXPORT_CLIPBOARD_TO_X
ANY INFO 2018-05-22 18:34:48.086637: Load command:commands.FIRST_CLIPBOARD
ANY INFO 2018-05-22 18:34:48.086812: Load command:commands.FORWARD_KEYPRESS
ANY INFO 2018-05-22 18:34:48.086995: Load command:commands.IMPORT_CLIPBOARD_FROM_FILE
ANY INFO 2018-05-22 18:34:48.087356: Load command:commands.INC_ALSA_VOLUME
ANY INFO 2018-05-22 18:34:48.087541: Load command:commands.INC_SOUND_VOLUME
ANY INFO 2018-05-22 18:34:48.087720: Load command:commands.INC_SPEECH_PITCH
ANY INFO 2018-05-22 18:34:48.087913: Load command:commands.INC_SPEECH_RATE
ANY INFO 2018-05-22 18:34:48.088076: Load command:commands.INC_SPEECH_VOLUME
ANY INFO 2018-05-22 18:34:48.088285: Load command:commands.INDENT_CURR_LINE
ANY INFO 2018-05-22 18:34:48.088447: Load command:commands.LAST_CLIPBOARD
ANY INFO 2018-05-22 18:34:48.088605: Load command:commands.LAST_INCOMING
ANY INFO 2018-05-22 18:34:48.088776: Load command:commands.MARKED_TEXT
ANY INFO 2018-05-22 18:34:48.088943: Load command:commands.NEXT_CLIPBOARD
ANY INFO 2018-05-22 18:34:48.089142: Load command:commands.PASTE_CLIPBOARD
ANY INFO 2018-05-22 18:34:48.089368: Load command:commands.PRESENT_FIRST_LINE
ANY INFO 2018-05-22 18:34:48.089553: Load command:commands.PRESENT_LAST_LINE
ANY INFO 2018-05-22 18:34:48.089737: Load command:commands.PREV_CLIPBOARD
ANY INFO 2018-05-22 18:34:48.089890: Load command:commands.QUIT_FENRIR
ANY INFO 2018-05-22 18:34:48.090049: Load command:commands.REMOVE_MARKS
ANY INFO 2018-05-22 18:34:48.090308: Load command:commands.REMOVE_WORD_FROM_SPELL_CHECK
ANY INFO 2018-05-22 18:34:48.090483: Load command:commands.REVIEW_BOTTOM
ANY INFO 2018-05-22 18:34:48.090805: Load command:commands.REVIEW_CURR_CHAR
ANY INFO 2018-05-22 18:34:48.090973: Load command:commands.REVIEW_CURR_CHAR_PHONETIC
ANY INFO 2018-05-22 18:34:48.091139: Load command:commands.REVIEW_CURR_LINE
ANY INFO 2018-05-22 18:34:48.091316: Load command:commands.REVIEW_CURR_WORD
ANY INFO 2018-05-22 18:34:48.091527: Load command:commands.TIME
ANY INFO 2018-05-22 18:34:48.091703: Load command:commands.REVIEW_CURR_WORD_PHONETIC
ANY INFO 2018-05-22 18:34:48.091872: Load command:commands.REVIEW_DOWN
ANY INFO 2018-05-22 18:34:48.092048: Load command:commands.REVIEW_LINE_BEGIN
ANY INFO 2018-05-22 18:34:48.092224: Load command:commands.REVIEW_LINE_END
ANY INFO 2018-05-22 18:34:48.092404: Load command:commands.REVIEW_LINE_FIRST_CHAR
ANY INFO 2018-05-22 18:34:48.092579: Load command:commands.REVIEW_LINE_LAST_CHAR
ANY INFO 2018-05-22 18:34:48.092762: Load command:commands.REVIEW_NEXT_CHAR
ANY INFO 2018-05-22 18:34:48.092934: Load command:commands.REVIEW_NEXT_CHAR_PHONETIC
ANY INFO 2018-05-22 18:34:48.093115: Load command:commands.REVIEW_NEXT_LINE
ANY INFO 2018-05-22 18:34:48.093286: Load command:commands.REVIEW_NEXT_WORD
ANY INFO 2018-05-22 18:34:48.093476: Load command:commands.REVIEW_NEXT_WORD_PHONETIC
ANY INFO 2018-05-22 18:34:48.093659: Load command:commands.REVIEW_PREV_CHAR
ANY INFO 2018-05-22 18:34:48.093825: Load command:commands.REVIEW_PREV_CHAR_PHONETIC
ANY INFO 2018-05-22 18:34:48.094024: Load command:commands.REVIEW_PREV_LINE
ANY INFO 2018-05-22 18:34:48.094230: Load command:commands.REVIEW_PREV_WORD
ANY INFO 2018-05-22 18:34:48.094449: Load command:commands.REVIEW_PREV_WORD_PHONETIC
ANY INFO 2018-05-22 18:34:48.094611: Load command:commands.REVIEW_TOP
ANY INFO 2018-05-22 18:34:48.094825: Load command:commands.REVIEW_UP
ANY INFO 2018-05-22 18:34:48.094995: Load command:commands.SET_BOOKMARK_1
ANY INFO 2018-05-22 18:34:48.095162: Load command:commands.SET_BOOKMARK_10
ANY INFO 2018-05-22 18:34:48.095323: Load command:commands.SET_BOOKMARK_2
ANY INFO 2018-05-22 18:34:48.095497: Load command:commands.SET_BOOKMARK_3
ANY INFO 2018-05-22 18:34:48.095669: Load command:commands.SET_BOOKMARK_4
ANY INFO 2018-05-22 18:34:48.095834: Load command:commands.SET_BOOKMARK_5
ANY INFO 2018-05-22 18:34:48.095999: Load command:commands.SET_BOOKMARK_6
ANY INFO 2018-05-22 18:34:48.096165: Load command:commands.SET_BOOKMARK_7
ANY INFO 2018-05-22 18:34:48.096326: Load command:commands.SET_BOOKMARK_8
ANY INFO 2018-05-22 18:34:48.096491: Load command:commands.SET_BOOKMARK_9
ANY INFO 2018-05-22 18:34:48.096656: Load command:commands.SET_MARK
ANY INFO 2018-05-22 18:34:48.096816: Load command:commands.SET_WINDOW_APPLICATION
ANY INFO 2018-05-22 18:34:48.097036: Load command:commands.SHUT_UP
ANY INFO 2018-05-22 18:34:48.097265: Load command:commands.SPELL_CHECK
ANY INFO 2018-05-22 18:34:48.097437: Load command:commands.SUBPROCESS
ANY INFO 2018-05-22 18:34:48.097605: Load command:commands.TEMP_DISABLE_SPEECH
ANY INFO 2018-05-22 18:34:48.097810: Load command:commands.TOGGLE_AUTO_INDENT
ANY INFO 2018-05-22 18:34:48.097982: Load command:commands.TOGGLE_AUTO_READ
ANY INFO 2018-05-22 18:34:48.098136: Load command:commands.TOGGLE_AUTO_SPELL_CHECK
ANY INFO 2018-05-22 18:34:48.098295: Load command:commands.TOGGLE_AUTO_TIME
ANY INFO 2018-05-22 18:34:48.098453: Load command:commands.TOGGLE_BRAILLE
ANY INFO 2018-05-22 18:34:48.098630: Load command:commands.TOGGLE_EMOTICONS
ANY INFO 2018-05-22 18:34:48.098851: Load command:commands.TOGGLE_HIGHLIGHT_TRACKING
ANY INFO 2018-05-22 18:34:48.099019: Load command:commands.TOGGLE_OUTPUT
ANY INFO 2018-05-22 18:34:48.099212: Load command:commands.TOGGLE_PUNCTUATION_LEVEL
ANY INFO 2018-05-22 18:34:48.099436: Load command:commands.TOGGLE_SOUND
ANY INFO 2018-05-22 18:34:48.099614: Load command:commands.TOGGLE_SPEECH
ANY INFO 2018-05-22 18:34:48.099768: Load command:commands.TOGGLE_TUTORIAL_MODE
ANY INFO 2018-05-22 18:34:48.100072: Load command:onKeyInput.10000-SHUT_UP
ANY INFO 2018-05-22 18:34:48.100232: Load command:onKeyInput.15000-ENABLE_TEMP_SPEECH
ANY INFO 2018-05-22 18:34:48.100390: Load command:onKeyInput.80000-CAPSLOCK
ANY INFO 2018-05-22 18:34:48.100558: Load command:onKeyInput.80300-SCROLLLOCK
ANY INFO 2018-05-22 18:34:48.100719: Load command:onKeyInput.80500-NUMLOCK
ANY INFO 2018-05-22 18:34:48.100970: Load command:onByteInput.10000-SHUT_UP
ANY INFO 2018-05-22 18:34:48.101136: Load command:onByteInput.15000-ENABLE_TEMP_SPEECH
ANY INFO 2018-05-22 18:34:48.101444: Load command:onCursorChange.45000-CHAR_ECHO
ANY INFO 2018-05-22 18:34:48.101612: Load command:onCursorChange.46000-TAB_COMPLETION
ANY INFO 2018-05-22 18:34:48.101787: Load command:onCursorChange.50000-PRESENT_CHAR_IF_CURSOR_CHANGE_HORIZONTAL
ANY INFO 2018-05-22 18:34:48.101967: Load command:onCursorChange.55000-PRESENT_LINE_IF_CURSOR_CHANGE_VERTICAL
ANY INFO 2018-05-22 18:34:48.102142: Load command:onCursorChange.60000-WORD_ECHO_TYPE
ANY INFO 2018-05-22 18:34:48.102316: Load command:onCursorChange.61000-WORD_ECHO_NAVIGATION
ANY INFO 2018-05-22 18:34:48.102573: Load command:onCursorChange.62000-SPELL_CHECK
ANY INFO 2018-05-22 18:34:48.102741: Load command:onCursorChange.65000-CHAR_DELETE_ECHO
ANY INFO 2018-05-22 18:34:48.102900: Load command:onCursorChange.66000-EXIT_REVIEW_MODE
ANY INFO 2018-05-22 18:34:48.103165: Load command:onScreenUpdate.56000-HIGHLIGHT_TRACKING
ANY INFO 2018-05-22 18:34:48.103345: Load command:onScreenUpdate.60000-HISTORY
ANY INFO 2018-05-22 18:34:48.103513: Load command:onScreenUpdate.70000-INCOMING
ANY INFO 2018-05-22 18:34:48.103678: Load command:onScreenUpdate.75000-INCOMING_PROMOTE
ANY INFO 2018-05-22 18:34:48.103940: Load command:onScreenChanged.10000-SHUT_UP
ANY INFO 2018-05-22 18:34:48.104099: Load command:onScreenChanged.80000-SCREEN_CHANGE_ANNOUNCEMENT
ANY INFO 2018-05-22 18:34:48.104258: Load command:onScreenChanged.85000-RESET_MARKS
ANY INFO 2018-05-22 18:34:48.104485: Load command:onScreenChanged.89000-LEAVE_REVIEW_MODE
ANY INFO 2018-05-22 18:34:48.104765: Load command:onHeartBeat.2000-GETSESSIONINFO
ANY INFO 2018-05-22 18:34:48.105029: Load command:onHeartBeat.76000-TIME
ANY INFO 2018-05-22 18:34:48.105271: Load command:onPlugInputDevice.50000-UPDATEDEVICES
ANY INFO 2018-05-22 18:34:48.105453: Load command:onPlugInputDevice.80000-PLUGSOUND
ANY INFO 2018-05-22 18:34:48.105778: Load command:onSwitchApplicationProfile.DEFAULT
ANY INFO 2018-05-22 18:34:48.106044: Load command:help.CURR_HELP
ANY INFO 2018-05-22 18:34:48.106210: Load command:help.NEXT_HELP
ANY INFO 2018-05-22 18:34:48.106369: Load command:help.PREV_HELP
ANY INFO 2018-05-22 18:34:48.106634: Load script:commands.WLAN__-__KEY_Y
ANY INFO 2018-05-22 18:34:48.106955: Shortcut: [1, ['KEY_FENRIR', 'KEY_H']] command:TOGGLE_TUTORIAL_MODE
ANY INFO 2018-05-22 18:34:48.107021: Shortcut: [1, ['KEY_CTRL']] command:SHUT_UP
ANY INFO 2018-05-22 18:34:48.107099: Shortcut: [1, ['KEY_FENRIR', 'KEY_O', 'KEY_SHIFT']] command:REVIEW_BOTTOM
ANY INFO 2018-05-22 18:34:48.107175: Shortcut: [1, ['KEY_FENRIR', 'KEY_SHIFT', 'KEY_U']] command:REVIEW_TOP
ANY INFO 2018-05-22 18:34:48.107238: Shortcut: [1, ['KEY_FENRIR', 'KEY_I']] command:REVIEW_CURR_LINE
ANY INFO 2018-05-22 18:34:48.107302: Shortcut: [1, ['KEY_FENRIR', 'KEY_U']] command:REVIEW_PREV_LINE
ANY INFO 2018-05-22 18:34:48.107364: Shortcut: [1, ['KEY_FENRIR', 'KEY_O']] command:REVIEW_NEXT_LINE
ANY INFO 2018-05-22 18:34:48.107437: Shortcut: [1, ['KEY_FENRIR', 'KEY_J', 'KEY_SHIFT']] command:REVIEW_LINE_BEGIN
WARNING 2018-05-22 18:34:48.107507: invalid key : KEY_SHFIT command:REVIEW_LINE_END
ANY INFO 2018-05-22 18:34:48.107579: Shortcut: [1, ['KEY_CTRL', 'KEY_FENRIR', 'KEY_J']] command:REVIEW_LINE_FIRST_CHAR
ANY INFO 2018-05-22 18:34:48.107653: Shortcut: [1, ['KEY_CTRL', 'KEY_FENRIR', 'KEY_L']] command:REVIEW_LINE_LAST_CHAR
ANY INFO 2018-05-22 18:34:48.107726: Shortcut: [1, ['KEY_1', 'KEY_ALT', 'KEY_FENRIR']] command:PRESENT_FIRST_LINE
ANY INFO 2018-05-22 18:34:48.107799: Shortcut: [1, ['KEY_2', 'KEY_ALT', 'KEY_FENRIR']] command:PRESENT_LAST_LINE
ANY INFO 2018-05-22 18:34:48.107861: Shortcut: [1, ['KEY_FENRIR', 'KEY_K']] command:REVIEW_CURR_WORD
ANY INFO 2018-05-22 18:34:48.107924: Shortcut: [1, ['KEY_FENRIR', 'KEY_J']] command:REVIEW_PREV_WORD
ANY INFO 2018-05-22 18:34:48.107985: Shortcut: [1, ['KEY_FENRIR', 'KEY_L']] command:REVIEW_NEXT_WORD
ANY INFO 2018-05-22 18:34:48.108069: Shortcut: [1, ['KEY_ALT', 'KEY_CTRL', 'KEY_FENRIR', 'KEY_K']] command:REVIEW_CURR_WORD_PHONETIC
ANY INFO 2018-05-22 18:34:48.108152: Shortcut: [1, ['KEY_ALT', 'KEY_CTRL', 'KEY_FENRIR', 'KEY_J']] command:REVIEW_PREV_WORD_PHONETIC
ANY INFO 2018-05-22 18:34:48.108235: Shortcut: [1, ['KEY_ALT', 'KEY_CTRL', 'KEY_FENRIR', 'KEY_L']] command:REVIEW_NEXT_WORD_PHONETIC
ANY INFO 2018-05-22 18:34:48.108297: Shortcut: [1, ['KEY_COMMA', 'KEY_FENRIR']] command:REVIEW_CURR_CHAR
ANY INFO 2018-05-22 18:34:48.108364: Shortcut: [1, ['KEY_FENRIR', 'KEY_M']] command:REVIEW_PREV_CHAR
ANY INFO 2018-05-22 18:34:48.108427: Shortcut: [1, ['KEY_DOT', 'KEY_FENRIR']] command:REVIEW_NEXT_CHAR
ANY INFO 2018-05-22 18:34:48.108511: Shortcut: [1, ['KEY_ALT', 'KEY_COMMA', 'KEY_CTRL', 'KEY_FENRIR']] command:CURR_CHAR_PHONETIC
ANY INFO 2018-05-22 18:34:48.108594: Shortcut: [1, ['KEY_ALT', 'KEY_CTRL', 'KEY_FENRIR', 'KEY_M']] command:PREV_CHAR_PHONETIC
ANY INFO 2018-05-22 18:34:48.108679: Shortcut: [1, ['KEY_ALT', 'KEY_CTRL', 'KEY_DOT', 'KEY_FENRIR']] command:PREV_CHAR_PHONETIC
ANY INFO 2018-05-22 18:34:48.108771: Shortcut: [1, ['KEY_CTRL', 'KEY_FENRIR', 'KEY_I']] command:REVIEW_UP
ANY INFO 2018-05-22 18:34:48.108851: Shortcut: [1, ['KEY_COMMA', 'KEY_CTRL', 'KEY_FENRIR']] command:REVIEW_DOWN
ANY INFO 2018-05-22 18:34:48.108917: Shortcut: [1, ['KEY_FENRIR', 'KEY_SLASH']] command:EXIT_REVIEW
ANY INFO 2018-05-22 18:34:48.108991: Shortcut: [1, ['KEY_DOT', 'KEY_FENRIR', 'KEY_SHIFT']] command:CURSOR_POSITION
ANY INFO 2018-05-22 18:34:48.109058: Shortcut: [2, ['KEY_FENRIR', 'KEY_I']] command:INDENT_CURR_LINE
ANY INFO 2018-05-22 18:34:48.109131: Shortcut: [1, ['KEY_FENRIR', 'KEY_K', 'KEY_SHIFT']] command:CURR_SCREEN
ANY INFO 2018-05-22 18:34:48.109204: Shortcut: [1, ['KEY_FENRIR', 'KEY_I', 'KEY_SHIFT']] command:CURR_SCREEN_BEFORE_CURSOR
ANY INFO 2018-05-22 18:34:48.109277: Shortcut: [1, ['KEY_COMMA', 'KEY_FENRIR', 'KEY_SHIFT']] command:CURR_SCREEN_AFTER_CURSOR
ANY INFO 2018-05-22 18:34:48.109370: Shortcut: [1, ['KEY_1', 'KEY_CTRL', 'KEY_FENRIR']] command:CLEAR_BOOKMARK_1
ANY INFO 2018-05-22 18:34:48.109455: Shortcut: [1, ['KEY_1', 'KEY_FENRIR', 'KEY_SHIFT']] command:SET_BOOKMARK_1
ANY INFO 2018-05-22 18:34:48.109540: Shortcut: [1, ['KEY_1', 'KEY_FENRIR']] command:BOOKMARK_1
ANY INFO 2018-05-22 18:34:48.109613: Shortcut: [1, ['KEY_2', 'KEY_CTRL', 'KEY_FENRIR']] command:CLEAR_BOOKMARK_2
ANY INFO 2018-05-22 18:34:48.109689: Shortcut: [1, ['KEY_2', 'KEY_FENRIR', 'KEY_SHIFT']] command:SET_BOOKMARK_2
ANY INFO 2018-05-22 18:34:48.109751: Shortcut: [1, ['KEY_2', 'KEY_FENRIR']] command:BOOKMARK_2
ANY INFO 2018-05-22 18:34:48.109854: Shortcut: [1, ['KEY_3', 'KEY_CTRL', 'KEY_FENRIR']] command:CLEAR_BOOKMARK_3
ANY INFO 2018-05-22 18:34:48.109938: Shortcut: [1, ['KEY_3', 'KEY_FENRIR', 'KEY_SHIFT']] command:SET_BOOKMARK_3
ANY INFO 2018-05-22 18:34:48.110000: Shortcut: [1, ['KEY_3', 'KEY_FENRIR']] command:BOOKMARK_3
ANY INFO 2018-05-22 18:34:48.110071: Shortcut: [1, ['KEY_4', 'KEY_CTRL', 'KEY_FENRIR']] command:CLEAR_BOOKMARK_4
ANY INFO 2018-05-22 18:34:48.110143: Shortcut: [1, ['KEY_4', 'KEY_FENRIR', 'KEY_SHIFT']] command:SET_BOOKMARK_4
ANY INFO 2018-05-22 18:34:48.110204: Shortcut: [1, ['KEY_4', 'KEY_FENRIR']] command:BOOKMARK_4
ANY INFO 2018-05-22 18:34:48.110274: Shortcut: [1, ['KEY_5', 'KEY_CTRL', 'KEY_FENRIR']] command:CLEAR_BOOKMARK_5
ANY INFO 2018-05-22 18:34:48.110344: Shortcut: [1, ['KEY_5', 'KEY_FENRIR', 'KEY_SHIFT']] command:SET_BOOKMARK_5
ANY INFO 2018-05-22 18:34:48.110404: Shortcut: [1, ['KEY_5', 'KEY_FENRIR']] command:BOOKMARK_5
ANY INFO 2018-05-22 18:34:48.110485: Shortcut: [1, ['KEY_6', 'KEY_CTRL', 'KEY_FENRIR']] command:CLEAR_BOOKMARK_6
ANY INFO 2018-05-22 18:34:48.110558: Shortcut: [1, ['KEY_6', 'KEY_FENRIR', 'KEY_SHIFT']] command:SET_BOOKMARK_6
ANY INFO 2018-05-22 18:34:48.110620: Shortcut: [1, ['KEY_6', 'KEY_FENRIR']] command:BOOKMARK_6
ANY INFO 2018-05-22 18:34:48.110692: Shortcut: [1, ['KEY_7', 'KEY_CTRL', 'KEY_FENRIR']] command:CLEAR_BOOKMARK_7
ANY INFO 2018-05-22 18:34:48.110765: Shortcut: [1, ['KEY_7', 'KEY_FENRIR', 'KEY_SHIFT']] command:SET_BOOKMARK_7
ANY INFO 2018-05-22 18:34:48.110827: Shortcut: [1, ['KEY_7', 'KEY_FENRIR']] command:BOOKMARK_7
ANY INFO 2018-05-22 18:34:48.110899: Shortcut: [1, ['KEY_8', 'KEY_CTRL', 'KEY_FENRIR']] command:CLEAR_BOOKMARK_8
ANY INFO 2018-05-22 18:34:48.110972: Shortcut: [1, ['KEY_8', 'KEY_FENRIR', 'KEY_SHIFT']] command:SET_BOOKMARK_8
ANY INFO 2018-05-22 18:34:48.111034: Shortcut: [1, ['KEY_8', 'KEY_FENRIR']] command:BOOKMARK_8
ANY INFO 2018-05-22 18:34:48.111106: Shortcut: [1, ['KEY_9', 'KEY_CTRL', 'KEY_FENRIR']] command:CLEAR_BOOKMARK_9
ANY INFO 2018-05-22 18:34:48.111178: Shortcut: [1, ['KEY_9', 'KEY_FENRIR', 'KEY_SHIFT']] command:SET_BOOKMARK_9
ANY INFO 2018-05-22 18:34:48.111240: Shortcut: [1, ['KEY_9', 'KEY_FENRIR']] command:BOOKMARK_9
ANY INFO 2018-05-22 18:34:48.111312: Shortcut: [1, ['KEY_0', 'KEY_CTRL', 'KEY_FENRIR']] command:CLEAR_BOOKMARK_10
ANY INFO 2018-05-22 18:34:48.111385: Shortcut: [1, ['KEY_0', 'KEY_FENRIR', 'KEY_SHIFT']] command:SET_BOOKMARK_10
ANY INFO 2018-05-22 18:34:48.111447: Shortcut: [1, ['KEY_0', 'KEY_FENRIR']] command:BOOKMARK_10
ANY INFO 2018-05-22 18:34:48.111534: Shortcut: [1, ['KEY_8', 'KEY_CTRL', 'KEY_FENRIR']] command:SET_WINDOW_APPLICATION
ANY INFO 2018-05-22 18:34:48.111629: Shortcut: [2, ['KEY_8', 'KEY_CTRL', 'KEY_FENRIR']] command:CLEAR_WINDOW_APPLICATION
ANY INFO 2018-05-22 18:34:48.111707: Shortcut: [1, ['KEY_FENRIR', 'KEY_SEMICOLON']] command:LAST_INCOMING
ANY INFO 2018-05-22 18:34:48.111770: Shortcut: [1, ['KEY_F2', 'KEY_FENRIR']] command:TOGGLE_BRAILLE
ANY INFO 2018-05-22 18:34:48.111832: Shortcut: [1, ['KEY_F3', 'KEY_FENRIR']] command:TOGGLE_SOUND
ANY INFO 2018-05-22 18:34:48.111895: Shortcut: [1, ['KEY_F4', 'KEY_FENRIR']] command:TOGGLE_SPEECH
ANY INFO 2018-05-22 18:34:48.111957: Shortcut: [1, ['KEY_ENTER', 'KEY_FENRIR']] command:TEMP_DISABLE_SPEECH
ANY INFO 2018-05-22 18:34:48.112041: Shortcut: [1, ['KEY_CTRL', 'KEY_FENRIR', 'KEY_P', 'KEY_SHIFT']] command:TOGGLE_PUNCTUATION_LEVEL
ANY INFO 2018-05-22 18:34:48.112112: Shortcut: [1, ['KEY_FENRIR', 'KEY_RIGHTBRACE']] command:TOGGLE_AUTO_SPELL_CHECK
ANY INFO 2018-05-22 18:34:48.112185: Shortcut: [1, ['KEY_ENTER', 'KEY_FENRIR', 'KEY_SHIFT']] command:TOGGLE_OUTPUT
ANY INFO 2018-05-22 18:34:48.112257: Shortcut: [1, ['KEY_E', 'KEY_FENRIR', 'KEY_SHIFT']] command:TOGGLE_EMOTICONS
ANY INFO 2018-05-22 18:34:48.112319: Shortcut: [1, ['KEY_ENTER', 'KEY_FENRIR']] command:TOGGLE_AUTO_READ
ANY INFO 2018-05-22 18:34:48.112392: Shortcut: [1, ['KEY_CTRL', 'KEY_FENRIR', 'KEY_T']] command:TOGGLE_AUTO_TIME
ANY INFO 2018-05-22 18:34:48.112454: Shortcut: [1, ['KEY_FENRIR', 'KEY_Y']] command:TOGGLE_HIGHLIGHT_TRACKING
ANY INFO 2018-05-22 18:34:48.112516: Shortcut: [1, ['KEY_FENRIR', 'KEY_Q']] command:QUIT_FENRIR
ANY INFO 2018-05-22 18:34:48.112577: Shortcut: [1, ['KEY_FENRIR', 'KEY_T']] command:TIME
ANY INFO 2018-05-22 18:34:48.112639: Shortcut: [2, ['KEY_FENRIR', 'KEY_T']] command:DATE
ANY INFO 2018-05-22 18:34:48.112701: Shortcut: [1, ['KEY_BACKSLASH', 'KEY_FENRIR']] command:TOGGLE_AUTO_INDENT
WARNING 2018-05-22 18:34:48.112757: invalid key : KEY_FENRIR<KEY_MINUS command:ATTRIBUTE_CURSOR
ANY INFO 2018-05-22 18:34:48.112818: Shortcut: [1, ['KEY_FENRIR', 'KEY_S']] command:SPELL_CHECK
ANY INFO 2018-05-22 18:34:48.112881: Shortcut: [2, ['KEY_FENRIR', 'KEY_S']] command:ADD_WORD_TO_SPELL_CHECK
ANY INFO 2018-05-22 18:34:48.112954: Shortcut: [1, ['KEY_FENRIR', 'KEY_S', 'KEY_SHIFT']] command:REMOVE_WORD_FROM_SPELL_CHECK
ANY INFO 2018-05-22 18:34:48.113016: Shortcut: [1, ['KEY_BACKSPACE', 'KEY_FENRIR']] command:FORWARD_KEYPRESS
ANY INFO 2018-05-22 18:34:48.113079: Shortcut: [1, ['KEY_FENRIR', 'KEY_UP']] command:INC_SPEECH_VOLUME
ANY INFO 2018-05-22 18:34:48.113142: Shortcut: [1, ['KEY_DOWN', 'KEY_FENRIR']] command:DEC_SPEECH_VOLUME
ANY INFO 2018-05-22 18:34:48.113206: Shortcut: [1, ['KEY_FENRIR', 'KEY_RIGHT']] command:INC_SPEECH_RATE
ANY INFO 2018-05-22 18:34:48.113271: Shortcut: [1, ['KEY_FENRIR', 'KEY_LEFT']] command:DEC_SPEECH_RATE
ANY INFO 2018-05-22 18:34:48.113348: Shortcut: [1, ['KEY_ALT', 'KEY_FENRIR', 'KEY_RIGHT']] command:INC_SPEECH_PITCH
ANY INFO 2018-05-22 18:34:48.113426: Shortcut: [1, ['KEY_ALT', 'KEY_FENRIR', 'KEY_LEFT']] command:DEC_SPEECH_PITCH
ANY INFO 2018-05-22 18:34:48.113503: Shortcut: [1, ['KEY_ALT', 'KEY_FENRIR', 'KEY_UP']] command:INC_SOUND_VOLUME
ANY INFO 2018-05-22 18:34:48.113577: Shortcut: [1, ['KEY_ALT', 'KEY_DOWN', 'KEY_FENRIR']] command:DEC_SOUND_VOLUME
ANY INFO 2018-05-22 18:34:48.113662: Shortcut: [1, ['KEY_C', 'KEY_CTRL', 'KEY_FENRIR', 'KEY_SHIFT']] command:CLEAR_CLIPBOARD
ANY INFO 2018-05-22 18:34:48.113726: Shortcut: [1, ['KEY_FENRIR', 'KEY_HOME']] command:FIRST_CLIPBOARD
ANY INFO 2018-05-22 18:34:48.113789: Shortcut: [1, ['KEY_END', 'KEY_FENRIR']] command:LAST_CLIPBOARD
ANY INFO 2018-05-22 18:34:48.113852: Shortcut: [1, ['KEY_FENRIR', 'KEY_PAGEUP']] command:PREV_CLIPBOARD
ANY INFO 2018-05-22 18:34:48.113915: Shortcut: [1, ['KEY_FENRIR', 'KEY_PAGEDOWN']] command:NEXT_CLIPBOARD
ANY INFO 2018-05-22 18:34:48.113987: Shortcut: [1, ['KEY_C', 'KEY_FENRIR', 'KEY_SHIFT']] command:CURR_CLIPBOARD
ANY INFO 2018-05-22 18:34:48.114050: Shortcut: [1, ['KEY_C', 'KEY_FENRIR']] command:COPY_MARKED_TO_CLIPBOARD
ANY INFO 2018-05-22 18:34:48.114122: Shortcut: [1, ['KEY_CTRL', 'KEY_FENRIR', 'KEY_U']] command:COPY_LAST_ECHO_TO_CLIPBOARD
ANY INFO 2018-05-22 18:34:48.114184: Shortcut: [1, ['KEY_FENRIR', 'KEY_V']] command:PASTE_CLIPBOARD
ANY INFO 2018-05-22 18:34:48.114246: Shortcut: [1, ['KEY_F5', 'KEY_FENRIR']] command:IMPORT_CLIPBOARD_FROM_FILE
ANY INFO 2018-05-22 18:34:48.114308: Shortcut: [1, ['KEY_F6', 'KEY_FENRIR']] command:EXPORT_CLIPBOARD_TO_FILE
ANY INFO 2018-05-22 18:34:48.114424: Shortcut: [1, ['KEY_CTRL', 'KEY_FENRIR', 'KEY_SHIFT', 'KEY_X']] command:REMOVE_MARKS
ANY INFO 2018-05-22 18:34:48.114501: Shortcut: [1, ['KEY_FENRIR', 'KEY_X']] command:SET_MARK
ANY INFO 2018-05-22 18:34:48.114578: Shortcut: [1, ['KEY_FENRIR', 'KEY_SHIFT', 'KEY_X']] command:MARKED_TEXT
ANY INFO 2018-05-22 18:34:48.114642: Shortcut: [1, ['KEY_F7', 'KEY_FENRIR']] command:EXPORT_CLIPBOARD_TO_X
ANY INFO 2018-05-22 18:34:48.114716: Shortcut: [1, ['KEY_CTRL', 'KEY_FENRIR', 'KEY_UP']] command:INC_ALSA_VOLUME
ANY INFO 2018-05-22 18:34:48.114789: Shortcut: [1, ['KEY_CTRL', 'KEY_DOWN', 'KEY_FENRIR']] command:DEC_ALSA_VOLUME
ANY INFO 2018-05-22 18:34:48.116114: Loading Driver speechDriver (genericDriver) OK
ANY INFO 2018-05-22 18:34:48.116509: Loading Driver soundDriver (genericDriver) OK
ANY INFO 2018-05-22 18:34:48.117423: Loading Driver brailleDriver (dummyDriver) OK
ANY INFO 2018-05-22 18:34:48.124527: Loading Driver screenDriver (vcsaDriver) OK
ANY INFO 2018-05-22 18:34:48.133529: \/-------environment-------\/
ANY INFO 2018-05-22 18:34:48.135199: {'screen': {'columns': 0, 'lines': 0, 'oldDelta': '', 'oldAttribDelta': '', 'oldNegativeDelta': '', 'oldCursorReview': None, 'oldCursorAttrib': None, 'oldCursor': {'x': 0, 'y': 0}, 'oldContentBytes': b'', 'oldContentText': '', 'oldContentAttrib': None, 'oldApplication': '', 'oldTTY': '7', 'newDelta': '', 'newNegativeDelta': '', 'newAttribDelta': '', 'newCursorReview': None, 'newCursorAttrib': None, 'newCursor': {'x': 0, 'y': 0}, 'newContentBytes': b'', 'newContentText': '', 'newContentAttrib': None, 'newTTY': '7', 'newApplication': '', 'lastScreenUpdate': 1527014086.6726744, 'autoIgnoreScreens': ['7']}, 'runtime': {'speechDriver': <genericDriver.driver object at 0x7f583ff027f0>, 'screenDriver': <vcsaDriver.driver object at 0x7f583ff24278>, 'soundDriver': <genericDriver.driver object at 0x7f58474d47b8>, 'inputDriver': <evdevDriver.driver object at 0x7f5848526f60>, 'brailleDriver': <dummyDriver.driver object at 0x7f583ff12b70>, 'inputManager': <fenrirscreenreader.core.inputManager.inputManager object at 0x7f584877e470>, 'commandManager': <fenrirscreenreader.core.commandManager.commandManager object at 0x7f584747f198>, 'screenManager': <fenrirscreenreader.core.screenManager.screenManager object at 0x7f583ff1d630>, 'outputManager': <fenrirscreenreader.core.outputManager.outputManager object at 0x7f58487536a0>, 'debug': <fenrirscreenreader.core.debugManager.debugManager object at 0x7f584c4c1ac8>, 'settingsManager': <fenrirscreenreader.core.settingsManager.settingsManager object at 0x7f584c4c1198>, 'punctuationManager': <fenrirscreenreader.core.punctuationManager.punctuationManager object at 0x7f584c4c1a20>, 'fenrirManager': <fenrirscreenreader.core.fenrirManager.fenrirManager object at 0x7f584c4b5e48>, 'memoryManager': <fenrirscreenreader.core.memoryManager.memoryManager object at 0x7f584c4c1a90>, 'eventManager': <fenrirscreenreader.core.eventManager.eventManager object at 0x7f584c4c1a58>, 'processManager': <fenrirscreenreader.core.processManager.processManager object at 0x7f584877e4a8>, 'helpManager': <fenrirscreenreader.core.helpManager.helpManager object at 0x7f584747f208>, 'byteManager': <fenrirscreenreader.core.byteManager.byteManager object at 0x7f583ff02828>, 'cursorManager': <fenrirscreenreader.core.cursorManager.cursorManager object at 0x7f583ff12fd0>, 'applicationManager': <fenrirscreenreader.core.applicationManager.applicationManager object at 0x7f583ff1d048>, 'headLineManager': <fenrirscreenreader.core.headLineManager.headLineManager object at 0x7f583ff1d0b8>, 'tableManager': <fenrirscreenreader.core.tableManager.tableManager object at 0x7f583ff1d5c0>}, 'general': {'args': None, 'tutorialMode': False, 'currUser': dbus.String('jticket'), 'prevUser': '', 'managerList': ['punctuationManager', 'byteManager', 'cursorManager', 'applicationManager', 'commandManager', 'screenManager', 'inputManager', 'outputManager', 'helpManager', 'memoryManager', 'eventManager', 'processManager', 'debug'], 'commandFolderList': ['commands', 'onKeyInput', 'onByteInput', 'onCursorChange', 'onScreenUpdate', 'onScreenChanged', 'onHeartBeat', 'onPlugInputDevice', 'onApplicationChange', 'onSwitchApplicationProfile', 'help']}, 'settings': <configparser.ConfigParser object at 0x7f584c4c12b0>, 'commandInfo': {'lastCommandExecutionTime': 1527014086.6730092, 'lastCommandRequestTime': 1527014086.6730092}, 'commandBuffer': {'enableSpeechOnKeypress': False, 'Marks': {'1': None, '2': None}, 'bookMarks': {'1': {}, '10': {}, '2': {}, '3': {}, '4': {}, '5': {}, '6': {}, '7': {}, '8': {}, '9': {}}, 'windowArea': {}}, 'input': {'currInput': [], 'prevDeepestInput': [], 'eventBuffer': [], 'shortcutRepeat': 1, 'fenrirKey': ['KEY_KP0', 'KEY_META', 'KEY_INSERT'], 'scriptKey': ['KEY_COMPOSE'], 'keyForeward': 0, 'lastInputTime': 1527014086.6658523, 'oldNumLock': False, 'newNumLock': False, 'oldScrollLock': False, 'newScrollLock': False, 'oldCapsLock': False, 'newCapsLock': False}, 'punctuation': {'LEVELDICT': {'none': '', 'some': '-$~+*-/\\@', 'most': '.,:-$~+*-/\\@!#%^&*()[]}{<>;', 'all': '!"#$%& \\\'()*+,-./:;<=>?@[\\\\]^_`{|}~'}, 'PUNCTDICT': {' ': 'space', '&': 'and', "'": 'apostrophe', '@': 'at', '\\': 'backslash', '|': 'bar', '!': 'bang', '^': 'carrot', ':': 'colon', ',': 'comma', '-': 'dash', '$': 'dollar', '.': 'dot', '>': 'greater', '`': 'grave', '#': 'hash', '{': 'left brace', '[': 'left bracket', '(': 'left paren', '<': 'less', '%': 'percent', '+': 'plus', '?': 'question?', '"': 'quote', ')': 'right paren', '}': 'right brace', ']': 'right bracket', ';': 'semicolon', '/': 'slash', '*': 'star', '~': 'tilde', '_': 'line', '=': 'equals'}, 'CUSTOMDICT': {}, 'EMOTICONDICT': {':)': 'smile', ';)': 'wink', 'XD': 'LOL', ':@': 'angry face', ':D': 'laugh', '<{-.-}>': 'Raves', '\\o/': 'Hurray'}}, 'output': {'nextFlush': 1527014086.6727848, 'messageText': '', 'messageOffset': None, 'cursorOffset': None}, 'soundIcons': {'SCREENREADERON': '/usr/share/sounds/fenrirscreenreader/default/ScreenReaderOn.wav', 'SCREENREADEROFF': '/usr/share/sounds/fenrirscreenreader/default/ScreenReaderOff.wav', 'PTYBYPASS': '/usr/share/sounds/fenrirscreenreader/default/PTYBypass.wav', 'CANCEL': '/usr/share/sounds/fenrirscreenreader/default/Cancel.wav', 'ACCEPT': '/usr/share/sounds/fenrirscreenreader/default/Accept.wav', 'CHANGETTY': '/usr/share/sounds/fenrirscreenreader/default/ChangeTTY.wav', 'STARTOFLINE': '/usr/share/sounds/fenrirscreenreader/default/StartOfLine.wav', 'ENDOFLINE': '/usr/share/sounds/fenrirscreenreader/default/EndOfLine.wav', 'EMPTYLINE': '/usr/share/sounds/fenrirscreenreader/default/EmptyLine.wav', 'STARTOFSCREEN': '/usr/share/sounds/fenrirscreenreader/default/StartOfScreen.wav', 'ENDOFSCREEN': '/usr/share/sounds/fenrirscreenreader/default/EndOfScreen.wav', 'CONTENTCHANGED': '/usr/share/sounds/fenrirscreenreader/default/ContentChanged.wav', 'SPEECHON': '/usr/share/sounds/fenrirscreenreader/default/SpeechOn.wav', 'SPEECHOFF': '/usr/share/sounds/fenrirscreenreader/default/SpeechOff.wav', 'BRAILLEON': '/usr/share/sounds/fenrirscreenreader/default/BrailleOn.wav', 'BRAILLEOFF': '/usr/share/sounds/fenrirscreenreader/default/BrailleOff.wav', 'SOUNDON': '/usr/share/sounds/fenrirscreenreader/default/SoundOn.wav', 'SOUNDOFF': '/usr/share/sounds/fenrirscreenreader/default/SoundOff.wav', 'PLACESTARTMARK': '/usr/share/sounds/fenrirscreenreader/default/PlaceStartMark.wav', 'PLACEENDMARK': '/usr/share/sounds/fenrirscreenreader/default/PlaceEndMark.wav', 'COPYTOCLIPBOARD': '/usr/share/sounds/fenrirscreenreader/default/CopyToClipboard.wav', 'PASTECLIPBOARDONSCREEN': '/usr/share/sounds/fenrirscreenreader/default/PasteClipboardOnScreen.wav', 'ERRORSPEECH': '/usr/share/sounds/fenrirscreenreader/default/ErrorSpeech.wav', 'ERRORBRAILLE': '/usr/share/sounds/fenrirscreenreader/default/ErrorBraille.wav', 'ERRORSCREEN': '/usr/share/sounds/fenrirscreenreader/default/ErrorScreen.wav', 'HASATTRIBUTES': '', 'PROMOTEDTEXT': '/usr/share/sounds/fenrirscreenreader/default/PromotedText.wav', 'MISPELL': '/usr/share/sounds/fenrirscreenreader/default/mispell.wav', 'CAPITAL': '/usr/share/sounds/fenrirscreenreader/default/Caps.wav', 'ANNOUNCE': '/usr/share/sounds/fenrirscreenreader/default/Announce.wav'}, 'bindings': {"[1, ['KEY_SCRIPT', 'KEY_Y']]": 'WLAN__-__KEY_Y', "[1, ['KEY_FENRIR', 'KEY_H']]": 'TOGGLE_TUTORIAL_MODE', "[1, ['KEY_CTRL']]": 'SHUT_UP', "[1, ['KEY_FENRIR', 'KEY_O', 'KEY_SHIFT']]": 'REVIEW_BOTTOM', "[1, ['KEY_FENRIR', 'KEY_SHIFT', 'KEY_U']]": 'REVIEW_TOP', "[1, ['KEY_FENRIR', 'KEY_I']]": 'REVIEW_CURR_LINE', "[1, ['KEY_FENRIR', 'KEY_U']]": 'REVIEW_PREV_LINE', "[1, ['KEY_FENRIR', 'KEY_O']]": 'REVIEW_NEXT_LINE', "[1, ['KEY_FENRIR', 'KEY_J', 'KEY_SHIFT']]": 'REVIEW_LINE_BEGIN', "[1, ['KEY_CTRL', 'KEY_FENRIR', 'KEY_J']]": 'REVIEW_LINE_FIRST_CHAR', "[1, ['KEY_CTRL', 'KEY_FENRIR', 'KEY_L']]": 'REVIEW_LINE_LAST_CHAR', "[1, ['KEY_1', 'KEY_ALT', 'KEY_FENRIR']]": 'PRESENT_FIRST_LINE', "[1, ['KEY_2', 'KEY_ALT', 'KEY_FENRIR']]": 'PRESENT_LAST_LINE', "[1, ['KEY_FENRIR', 'KEY_K']]": 'REVIEW_CURR_WORD', "[1, ['KEY_FENRIR', 'KEY_J']]": 'REVIEW_PREV_WORD', "[1, ['KEY_FENRIR', 'KEY_L']]": 'REVIEW_NEXT_WORD', "[1, ['KEY_ALT', 'KEY_CTRL', 'KEY_FENRIR', 'KEY_K']]": 'REVIEW_CURR_WORD_PHONETIC', "[1, ['KEY_ALT', 'KEY_CTRL', 'KEY_FENRIR', 'KEY_J']]": 'REVIEW_PREV_WORD_PHONETIC', "[1, ['KEY_ALT', 'KEY_CTRL', 'KEY_FENRIR', 'KEY_L']]": 'REVIEW_NEXT_WORD_PHONETIC', "[1, ['KEY_COMMA', 'KEY_FENRIR']]": 'REVIEW_CURR_CHAR', "[1, ['KEY_FENRIR', 'KEY_M']]": 'REVIEW_PREV_CHAR', "[1, ['KEY_DOT', 'KEY_FENRIR']]": 'REVIEW_NEXT_CHAR', "[1, ['KEY_ALT', 'KEY_COMMA', 'KEY_CTRL', 'KEY_FENRIR']]": 'CURR_CHAR_PHONETIC', "[1, ['KEY_ALT', 'KEY_CTRL', 'KEY_FENRIR', 'KEY_M']]": 'PREV_CHAR_PHONETIC', "[1, ['KEY_ALT', 'KEY_CTRL', 'KEY_DOT', 'KEY_FENRIR']]": 'PREV_CHAR_PHONETIC', "[1, ['KEY_CTRL', 'KEY_FENRIR', 'KEY_I']]": 'REVIEW_UP', "[1, ['KEY_COMMA', 'KEY_CTRL', 'KEY_FENRIR']]": 'REVIEW_DOWN', "[1, ['KEY_FENRIR', 'KEY_SLASH']]": 'EXIT_REVIEW', "[1, ['KEY_DOT', 'KEY_FENRIR', 'KEY_SHIFT']]": 'CURSOR_POSITION', "[2, ['KEY_FENRIR', 'KEY_I']]": 'INDENT_CURR_LINE', "[1, ['KEY_FENRIR', 'KEY_K', 'KEY_SHIFT']]": 'CURR_SCREEN', "[1, ['KEY_FENRIR', 'KEY_I', 'KEY_SHIFT']]": 'CURR_SCREEN_BEFORE_CURSOR', "[1, ['KEY_COMMA', 'KEY_FENRIR', 'KEY_SHIFT']]": 'CURR_SCREEN_AFTER_CURSOR', "[1, ['KEY_1', 'KEY_CTRL', 'KEY_FENRIR']]": 'CLEAR_BOOKMARK_1', "[1, ['KEY_1', 'KEY_FENRIR', 'KEY_SHIFT']]": 'SET_BOOKMARK_1', "[1, ['KEY_1', 'KEY_FENRIR']]": 'BOOKMARK_1', "[1, ['KEY_2', 'KEY_CTRL', 'KEY_FENRIR']]": 'CLEAR_BOOKMARK_2', "[1, ['KEY_2', 'KEY_FENRIR', 'KEY_SHIFT']]": 'SET_BOOKMARK_2', "[1, ['KEY_2', 'KEY_FENRIR']]": 'BOOKMARK_2', "[1, ['KEY_3', 'KEY_CTRL', 'KEY_FENRIR']]": 'CLEAR_BOOKMARK_3', "[1, ['KEY_3', 'KEY_FENRIR', 'KEY_SHIFT']]": 'SET_BOOKMARK_3', "[1, ['KEY_3', 'KEY_FENRIR']]": 'BOOKMARK_3', "[1, ['KEY_4', 'KEY_CTRL', 'KEY_FENRIR']]": 'CLEAR_BOOKMARK_4', "[1, ['KEY_4', 'KEY_FENRIR', 'KEY_SHIFT']]": 'SET_BOOKMARK_4', "[1, ['KEY_4', 'KEY_FENRIR']]": 'BOOKMARK_4', "[1, ['KEY_5', 'KEY_CTRL', 'KEY_FENRIR']]": 'CLEAR_BOOKMARK_5', "[1, ['KEY_5', 'KEY_FENRIR', 'KEY_SHIFT']]": 'SET_BOOKMARK_5', "[1, ['KEY_5', 'KEY_FENRIR']]": 'BOOKMARK_5', "[1, ['KEY_6', 'KEY_CTRL', 'KEY_FENRIR']]": 'CLEAR_BOOKMARK_6', "[1, ['KEY_6', 'KEY_FENRIR', 'KEY_SHIFT']]": 'SET_BOOKMARK_6', "[1, ['KEY_6', 'KEY_FENRIR']]": 'BOOKMARK_6', "[1, ['KEY_7', 'KEY_CTRL', 'KEY_FENRIR']]": 'CLEAR_BOOKMARK_7', "[1, ['KEY_7', 'KEY_FENRIR', 'KEY_SHIFT']]": 'SET_BOOKMARK_7', "[1, ['KEY_7', 'KEY_FENRIR']]": 'BOOKMARK_7', "[1, ['KEY_8', 'KEY_CTRL', 'KEY_FENRIR']]": 'SET_WINDOW_APPLICATION', "[1, ['KEY_8', 'KEY_FENRIR', 'KEY_SHIFT']]": 'SET_BOOKMARK_8', "[1, ['KEY_8', 'KEY_FENRIR']]": 'BOOKMARK_8', "[1, ['KEY_9', 'KEY_CTRL', 'KEY_FENRIR']]": 'CLEAR_BOOKMARK_9', "[1, ['KEY_9', 'KEY_FENRIR', 'KEY_SHIFT']]": 'SET_BOOKMARK_9', "[1, ['KEY_9', 'KEY_FENRIR']]": 'BOOKMARK_9', "[1, ['KEY_0', 'KEY_CTRL', 'KEY_FENRIR']]": 'CLEAR_BOOKMARK_10', "[1, ['KEY_0', 'KEY_FENRIR', 'KEY_SHIFT']]": 'SET_BOOKMARK_10', "[1, ['KEY_0', 'KEY_FENRIR']]": 'BOOKMARK_10', "[2, ['KEY_8', 'KEY_CTRL', 'KEY_FENRIR']]": 'CLEAR_WINDOW_APPLICATION', "[1, ['KEY_FENRIR', 'KEY_SEMICOLON']]": 'LAST_INCOMING', "[1, ['KEY_F2', 'KEY_FENRIR']]": 'TOGGLE_BRAILLE', "[1, ['KEY_F3', 'KEY_FENRIR']]": 'TOGGLE_SOUND', "[1, ['KEY_F4', 'KEY_FENRIR']]": 'TOGGLE_SPEECH', "[1, ['KEY_ENTER', 'KEY_FENRIR']]": 'TOGGLE_AUTO_READ', "[1, ['KEY_CTRL', 'KEY_FENRIR', 'KEY_P', 'KEY_SHIFT']]": 'TOGGLE_PUNCTUATION_LEVEL', "[1, ['KEY_FENRIR', 'KEY_RIGHTBRACE']]": 'TOGGLE_AUTO_SPELL_CHECK', "[1, ['KEY_ENTER', 'KEY_FENRIR', 'KEY_SHIFT']]": 'TOGGLE_OUTPUT', "[1, ['KEY_E', 'KEY_FENRIR', 'KEY_SHIFT']]": 'TOGGLE_EMOTICONS', "[1, ['KEY_CTRL', 'KEY_FENRIR', 'KEY_T']]": 'TOGGLE_AUTO_TIME', "[1, ['KEY_FENRIR', 'KEY_Y']]": 'TOGGLE_HIGHLIGHT_TRACKING', "[1, ['KEY_FENRIR', 'KEY_Q']]": 'QUIT_FENRIR', "[1, ['KEY_FENRIR', 'KEY_T']]": 'TIME', "[2, ['KEY_FENRIR', 'KEY_T']]": 'DATE', "[1, ['KEY_BACKSLASH', 'KEY_FENRIR']]": 'TOGGLE_AUTO_INDENT', "[1, ['KEY_FENRIR', 'KEY_S']]": 'SPELL_CHECK', "[2, ['KEY_FENRIR', 'KEY_S']]": 'ADD_WORD_TO_SPELL_CHECK', "[1, ['KEY_FENRIR', 'KEY_S', 'KEY_SHIFT']]": 'REMOVE_WORD_FROM_SPELL_CHECK', "[1, ['KEY_BACKSPACE', 'KEY_FENRIR']]": 'FORWARD_KEYPRESS', "[1, ['KEY_FENRIR', 'KEY_UP']]": 'INC_SPEECH_VOLUME', "[1, ['KEY_DOWN', 'KEY_FENRIR']]": 'DEC_SPEECH_VOLUME', "[1, ['KEY_FENRIR', 'KEY_RIGHT']]": 'INC_SPEECH_RATE', "[1, ['KEY_FENRIR', 'KEY_LEFT']]": 'DEC_SPEECH_RATE', "[1, ['KEY_ALT', 'KEY_FENRIR', 'KEY_RIGHT']]": 'INC_SPEECH_PITCH', "[1, ['KEY_ALT', 'KEY_FENRIR', 'KEY_LEFT']]": 'DEC_SPEECH_PITCH', "[1, ['KEY_ALT', 'KEY_FENRIR', 'KEY_UP']]": 'INC_SOUND_VOLUME', "[1, ['KEY_ALT', 'KEY_DOWN', 'KEY_FENRIR']]": 'DEC_SOUND_VOLUME', "[1, ['KEY_C', 'KEY_CTRL', 'KEY_FENRIR', 'KEY_SHIFT']]": 'CLEAR_CLIPBOARD', "[1, ['KEY_FENRIR', 'KEY_HOME']]": 'FIRST_CLIPBOARD', "[1, ['KEY_END', 'KEY_FENRIR']]": 'LAST_CLIPBOARD', "[1, ['KEY_FENRIR', 'KEY_PAGEUP']]": 'PREV_CLIPBOARD', "[1, ['KEY_FENRIR', 'KEY_PAGEDOWN']]": 'NEXT_CLIPBOARD', "[1, ['KEY_C', 'KEY_FENRIR', 'KEY_SHIFT']]": 'CURR_CLIPBOARD', "[1, ['KEY_C', 'KEY_FENRIR']]": 'COPY_MARKED_TO_CLIPBOARD', "[1, ['KEY_CTRL', 'KEY_FENRIR', 'KEY_U']]": 'COPY_LAST_ECHO_TO_CLIPBOARD', "[1, ['KEY_FENRIR', 'KEY_V']]": 'PASTE_CLIPBOARD', "[1, ['KEY_F5', 'KEY_FENRIR']]": 'IMPORT_CLIPBOARD_FROM_FILE', "[1, ['KEY_F6', 'KEY_FENRIR']]": 'EXPORT_CLIPBOARD_TO_FILE', "[1, ['KEY_CTRL', 'KEY_FENRIR', 'KEY_SHIFT', 'KEY_X']]": 'REMOVE_MARKS', "[1, ['KEY_FENRIR', 'KEY_X']]": 'SET_MARK', "[1, ['KEY_FENRIR', 'KEY_SHIFT', 'KEY_X']]": 'MARKED_TEXT', "[1, ['KEY_F7', 'KEY_FENRIR']]": 'EXPORT_CLIPBOARD_TO_X', "[1, ['KEY_CTRL', 'KEY_FENRIR', 'KEY_UP']]": 'INC_ALSA_VOLUME', "[1, ['KEY_CTRL', 'KEY_DOWN', 'KEY_FENRIR']]": 'DEC_ALSA_VOLUME', "[1, ['KEY_F1', 'KEY_FENRIR']]": 'TOGGLE_TUTORIAL_MODE'}, 'commands': {'commands': {'00_INIT_COMMANDS': <00_init_commands.command object at 0x7f584747f320>, 'ADD_WORD_TO_SPELL_CHECK': <add_word_to_spell_check.command object at 0x7f584747f9b0>, 'ATTRIBUTE_CURSOR': <attribute_cursor.command object at 0x7f5846436b38>, 'BOOKMARK_1': <bookmark_1.command object at 0x7f5846436f28>, 'BOOKMARK_10': <bookmark_10.command object at 0x7f584644e320>, 'BOOKMARK_2': <bookmark_2.command object at 0x7f584644e630>, 'BOOKMARK_3': <bookmark_3.command object at 0x7f584644e940>, 'BOOKMARK_4': <bookmark_4.command object at 0x7f584644ec50>, 'BOOKMARK_5': <bookmark_5.command object at 0x7f584644ef60>, 'BOOKMARK_6': <bookmark_6.command object at 0x7f58440492b0>, 'BOOKMARK_7': <bookmark_7.command object at 0x7f58440495c0>, 'BOOKMARK_8': <bookmark_8.command object at 0x7f58440498d0>, 'BOOKMARK_9': <bookmark_9.command object at 0x7f5844049be0>, 'BRAILLE_FLUSH': <braille_flush.command object at 0x7f5844049eb8>, 'BRAILLE_PAN_LEFT': <braille_pan_left.command object at 0x7f5844050208>, 'BRAILLE_PAN_RIGHT': <braille_pan_right.command object at 0x7f5844050518>, 'BRAILLE_RETURN_TO_CURSOR': <braille_return_to_cursor.command object at 0x7f5844050860>, 'CLEAR_BOOKMARK_1': <clear_bookmark_1.command object at 0x7f5844050b70>, 'CLEAR_BOOKMARK_10': <clear_bookmark_10.command object at 0x7f5844050e80>, 'CLEAR_BOOKMARK_2': <clear_bookmark_2.command object at 0x7f584405a1d0>, 'CLEAR_BOOKMARK_3': <clear_bookmark_3.command object at 0x7f584405a4e0>, 'CLEAR_BOOKMARK_4': <clear_bookmark_4.command object at 0x7f584405a7f0>, 'CLEAR_BOOKMARK_5': <clear_bookmark_5.command object at 0x7f584405ab00>, 'CLEAR_BOOKMARK_6': <clear_bookmark_6.command object at 0x7f584405ae10>, 'CLEAR_BOOKMARK_7': <clear_bookmark_7.command object at 0x7f584405f160>, 'CLEAR_BOOKMARK_8': <clear_bookmark_8.command object at 0x7f584405f470>, 'CLEAR_BOOKMARK_9': <clear_bookmark_9.command object at 0x7f584405f780>, 'CLEAR_CLIPBOARD': <clear_clipboard.command object at 0x7f584405fac8>, 'CLEAR_WINDOW_APPLICATION': <clear_window_application.command object at 0x7f584405fdd8>, 'COPY_LAST_ECHO_TO_CLIPBOARD': <copy_last_echo_to_clipboard.command object at 0x7f5844069128>, 'COPY_MARKED_TO_CLIPBOARD': <copy_marked_to_clipboard.command object at 0x7f5844069470>, 'CURR_CLIPBOARD': <curr_clipboard.command object at 0x7f5844069748>, 'CURR_SCREEN': <curr_screen.command object at 0x7f5844069a90>, 'CURR_SCREEN_AFTER_CURSOR': <curr_screen_after_cursor.command object at 0x7f5844069dd8>, 'CURR_SCREEN_BEFORE_CURSOR': <curr_screen_before_cursor.command object at 0x7f5844071128>, 'CURSOR_COLUMN': <cursor_column.command object at 0x7f5844071400>, 'CURSOR_LINENO': <cursor_lineno.command object at 0x7f5844071710>, 'CURSOR_POSITION': <cursor_position.command object at 0x7f5844071a20>, 'CURSOR_READ_TO_END_OF_LINE': <cursor_read_to_end_of_line.command object at 0x7f5844071d68>, 'DATE': <date.command object at 0x7f584407a080>, 'DEC_ALSA_VOLUME': <dec_alsa_volume.command object at 0x7f584407a470>, 'DEC_SOUND_VOLUME': <dec_sound_volume.command object at 0x7f584407a748>, 'DEC_SPEECH_PITCH': <dec_speech_pitch.command object at 0x7f584407aa20>, 'DEC_SPEECH_RATE': <dec_speech_rate.command object at 0x7f584407acf8>, 'DEC_SPEECH_VOLUME': <dec_speech_volume.command object at 0x7f584407afd0>, 'EXIT_REVIEW': <exit_review.command object at 0x7f583ffc6358>, 'EXPORT_CLIPBOARD_TO_FILE': <export_clipboard_to_file.command object at 0x7f583ffc6780>, 'EXPORT_CLIPBOARD_TO_X': <export_clipboard_to_x.command object at 0x7f583ffc6c50>, 'FIRST_CLIPBOARD': <first_clipboard.command object at 0x7f583ffc6f60>, 'FORWARD_KEYPRESS': <forward_keypress.command object at 0x7f583ffce2e8>, 'IMPORT_CLIPBOARD_FROM_FILE': <import_clipboard_from_file.command object at 0x7f583ffce6a0>, 'INC_ALSA_VOLUME': <inc_alsa_volume.command object at 0x7f583ffce9b0>, 'INC_SOUND_VOLUME': <inc_sound_volume.command object at 0x7f583ffcecc0>, 'INC_SPEECH_PITCH': <inc_speech_pitch.command object at 0x7f583ffcef98>, 'INC_SPEECH_RATE': <inc_speech_rate.command object at 0x7f583ffd62b0>, 'INC_SPEECH_VOLUME': <inc_speech_volume.command object at 0x7f583ffd6588>, 'INDENT_CURR_LINE': <indent_curr_line.command object at 0x7f583ffd68d0>, 'LAST_CLIPBOARD': <last_clipboard.command object at 0x7f583ffd6ba8>, 'LAST_INCOMING': <last_incoming.command object at 0x7f583ffd6ef0>, 'MARKED_TEXT': <marked_text.command object at 0x7f583ffdf2b0>, 'NEXT_CLIPBOARD': <next_clipboard.command object at 0x7f583ffdf5f8>, 'PASTE_CLIPBOARD': <paste_clipboard.command object at 0x7f583ffdf898>, 'PRESENT_FIRST_LINE': <present_first_line.command object at 0x7f583ffdfbe0>, 'PRESENT_LAST_LINE': <present_last_line.command object at 0x7f583ffdfef0>, 'PREV_CLIPBOARD': <prev_clipboard.command object at 0x7f583ffe8208>, 'QUIT_FENRIR': <quit_fenrir.command object at 0x7f583ffe8550>, 'REMOVE_MARKS': <remove_marks.command object at 0x7f583ffe8898>, 'REMOVE_WORD_FROM_SPELL_CHECK': <remove_word_from_spell_check.command object at 0x7f583ffe8c18>, 'REVIEW_BOTTOM': <review_bottom.command object at 0x7f583ffe8fd0>, 'REVIEW_CURR_CHAR': <review_curr_char.command object at 0x7f583fff2320>, 'REVIEW_CURR_CHAR_PHONETIC': <review_curr_char_phonetic.command object at 0x7f583fff2be0>, 'REVIEW_CURR_LINE': <review_curr_line.command object at 0x7f583fff2eb8>, 'REVIEW_CURR_WORD': <review_curr_word.command object at 0x7f583fff7208>, 'TIME': <time.command object at 0x7f583fff74e0>, 'REVIEW_CURR_WORD_PHONETIC': <review_curr_word_phonetic.command object at 0x7f583fff7860>, 'REVIEW_DOWN': <review_down.command object at 0x7f583fff7b00>, 'REVIEW_LINE_BEGIN': <review_line_begin.command object at 0x7f583fff7e10>, 'REVIEW_LINE_END': <review_line_end.command object at 0x7f583ff82160>, 'REVIEW_LINE_FIRST_CHAR': <review_line_first_char.command object at 0x7f583ff824e0>, 'REVIEW_LINE_LAST_CHAR': <review_line_last_char.command object at 0x7f583ff827b8>, 'REVIEW_NEXT_CHAR': <review_next_char.command object at 0x7f583ff82ac8>, 'REVIEW_NEXT_CHAR_PHONETIC': <review_next_char_phonetic.command object at 0x7f583ff82dd8>, 'REVIEW_NEXT_LINE': <review_next_line.command object at 0x7f583ff89128>, 'REVIEW_NEXT_WORD': <review_next_word.command object at 0x7f583ff89400>, 'REVIEW_NEXT_WORD_PHONETIC': <review_next_word_phonetic.command object at 0x7f583ff89710>, 'REVIEW_PREV_CHAR': <review_prev_char.command object at 0x7f583ff899e8>, 'REVIEW_PREV_CHAR_PHONETIC': <review_prev_char_phonetic.command object at 0x7f583ff89cf8>, 'REVIEW_PREV_LINE': <review_prev_line.command object at 0x7f583ff92048>, 'REVIEW_PREV_WORD': <review_prev_word.command object at 0x7f583ff92358>, 'REVIEW_PREV_WORD_PHONETIC': <review_prev_word_phonetic.command object at 0x7f583ff92668>, 'REVIEW_TOP': <review_top.command object at 0x7f583ff92978>, 'REVIEW_UP': <review_up.command object at 0x7f583ff92cc0>, 'SET_BOOKMARK_1': <set_bookmark_1.command object at 0x7f583ff92f28>, 'SET_BOOKMARK_10': <set_bookmark_10.command object at 0x7f583ff9b208>, 'SET_BOOKMARK_2': <set_bookmark_2.command object at 0x7f583ff9b4a8>, 'SET_BOOKMARK_3': <set_bookmark_3.command object at 0x7f583ff9b748>, 'SET_BOOKMARK_4': <set_bookmark_4.command object at 0x7f583ff9b9e8>, 'SET_BOOKMARK_5': <set_bookmark_5.command object at 0x7f583ff9bc88>, 'SET_BOOKMARK_6': <set_bookmark_6.command object at 0x7f583ff9bf28>, 'SET_BOOKMARK_7': <set_bookmark_7.command object at 0x7f583ffa7208>, 'SET_BOOKMARK_8': <set_bookmark_8.command object at 0x7f583ffa74a8>, 'SET_BOOKMARK_9': <set_bookmark_9.command object at 0x7f583ffa7748>, 'SET_MARK': <set_mark.command object at 0x7f583ffa7a90>, 'SET_WINDOW_APPLICATION': <set_window_application.command object at 0x7f583ffa7da0>, 'SHUT_UP': <shut_up.command object at 0x7f583ffb1128>, 'SPELL_CHECK': <spell_check.command object at 0x7f583ffb1588>, 'SUBPROCESS': <subprocess.command object at 0x7f583ffb1978>, 'TEMP_DISABLE_SPEECH': <temp_disable_speech.command object at 0x7f583ffb1c88>, 'TOGGLE_AUTO_INDENT': <toggle_auto_indent.command object at 0x7f583ffb1f98>, 'TOGGLE_AUTO_READ': <toggle_auto_read.command object at 0x7f583ffb92e8>, 'TOGGLE_AUTO_SPELL_CHECK': <toggle_auto_spell_check.command object at 0x7f583ffb95f8>, 'TOGGLE_AUTO_TIME': <toggle_auto_time.command object at 0x7f583ffb9908>, 'TOGGLE_BRAILLE': <toggle_braille.command object at 0x7f583ffb9c18>, 'TOGGLE_EMOTICONS': <toggle_emoticons.command object at 0x7f583ffb9f28>, 'TOGGLE_HIGHLIGHT_TRACKING': <toggle_highlight_tracking.command object at 0x7f583ff41240>, 'TOGGLE_OUTPUT': <toggle_output.command object at 0x7f583ff41588>, 'TOGGLE_PUNCTUATION_LEVEL': <toggle_punctuation_level.command object at 0x7f583ff41860>, 'TOGGLE_SOUND': <toggle_sound.command object at 0x7f583ff41b70>, 'TOGGLE_SPEECH': <toggle_speech.command object at 0x7f583ff41e80>, 'TOGGLE_TUTORIAL_MODE': <toggle_tutorial_mode.command object at 0x7f583ff4d1d0>, 'WLAN__-__KEY_Y': <wlan__-__key_y.command object at 0x7f583ff027b8>}, 'onKeyInput': {'10000-SHUT_UP': <10000-shut_up.command object at 0x7f583ff4d470>, '15000-ENABLE_TEMP_SPEECH': <15000-enable_temp_speech.command object at 0x7f583ff4d7b8>, '80000-CAPSLOCK': <80000-capslock.command object at 0x7f583ff4dac8>, '80300-SCROLLLOCK': <80300-scrolllock.command object at 0x7f583ff4ddd8>, '80500-NUMLOCK': <80500-numlock.command object at 0x7f583ff53128>}, 'onByteInput': {'10000-SHUT_UP': <10000-shut_up.command object at 0x7f583ff53438>, '15000-ENABLE_TEMP_SPEECH': <15000-enable_temp_speech.command object at 0x7f583ff53748>}, 'onCursorChange': {'45000-CHAR_ECHO': <45000-char_echo.command object at 0x7f583ff539e8>, '46000-TAB_COMPLETION': <46000-tab_completion.command object at 0x7f583ff53c88>, '50000-PRESENT_CHAR_IF_CURSOR_CHANGE_HORIZONTAL': <50000-present_char_if_cursor_change_horizontal.command object at 0x7f583ff53f60>, '55000-PRESENT_LINE_IF_CURSOR_CHANGE_VERTICAL': <55000-present_line_if_cursor_change_vertical.command object at 0x7f583ff5e278>, '60000-WORD_ECHO_TYPE': <60000-word_echo_type.command object at 0x7f583ff5e4e0>, '61000-WORD_ECHO_NAVIGATION': <61000-word_echo_navigation.command object at 0x7f583ff5e780>, '62000-SPELL_CHECK': <62000-spell_check.command object at 0x7f583ff5edd8>, '65000-CHAR_DELETE_ECHO': <65000-char_delete_echo.command object at 0x7f583ff67160>, '66000-EXIT_REVIEW_MODE': <66000-exit_review_mode.command object at 0x7f583ff67470>}, 'onScreenUpdate': {'56000-HIGHLIGHT_TRACKING': <56000-highlight_tracking.command object at 0x7f583ff67780>, '60000-HISTORY': <60000-history.command object at 0x7f583ff67a20>, '70000-INCOMING': <70000-incoming.command object at 0x7f583ff67d68>, '75000-INCOMING_PROMOTE': <75000-incoming_promote.command object at 0x7f583ff6e080>}, 'onScreenChanged': {'10000-SHUT_UP': <10000-shut_up.command object at 0x7f583ff6e390>, '80000-SCREEN_CHANGE_ANNOUNCEMENT': <80000-screen_change_announcement.command object at 0x7f583ff6e668>, '85000-RESET_MARKS': <85000-reset_marks.command object at 0x7f583ff6e978>, '89000-LEAVE_REVIEW_MODE': <89000-leave_review_mode.command object at 0x7f583ff6ec50>}, 'onHeartBeat': {'2000-GETSESSIONINFO': <2000-GetSessionInfo.command object at 0x7f583ff6ef28>, '76000-TIME': <76000-time.command object at 0x7f583ff78208>}, 'onPlugInputDevice': {'50000-UPDATEDEVICES': <50000-UpdateDevices.command object at 0x7f583ff78518>, '80000-PLUGSOUND': <80000-plugSound.command object at 0x7f583ff787b8>}, 'onApplicationChange': {}, 'onSwitchApplicationProfile': {'DEFAULT': <default.command object at 0x7f583ff78ac8>}, 'help': {'CURR_HELP': <curr_help.command object at 0x7f583ff78e10>, 'NEXT_HELP': <next_help.command object at 0x7f583ff02160>, 'PREV_HELP': <prev_help.command object at 0x7f583ff02470>}}, 'commandsIgnore': {'commands': {'00_INIT_COMMANDS_IGNORE': False, 'ADD_WORD_TO_SPELL_CHECK_IGNORE': False, 'ATTRIBUTE_CURSOR_IGNORE': False, 'BOOKMARK_1_IGNORE': False, 'BOOKMARK_10_IGNORE': False, 'BOOKMARK_2_IGNORE': False, 'BOOKMARK_3_IGNORE': False, 'BOOKMARK_4_IGNORE': False, 'BOOKMARK_5_IGNORE': False, 'BOOKMARK_6_IGNORE': False, 'BOOKMARK_7_IGNORE': False, 'BOOKMARK_8_IGNORE': False, 'BOOKMARK_9_IGNORE': False, 'BRAILLE_FLUSH_IGNORE': False, 'BRAILLE_PAN_LEFT_IGNORE': False, 'BRAILLE_PAN_RIGHT_IGNORE': False, 'BRAILLE_RETURN_TO_CURSOR_IGNORE': False, 'CLEAR_BOOKMARK_1_IGNORE': False, 'CLEAR_BOOKMARK_10_IGNORE': False, 'CLEAR_BOOKMARK_2_IGNORE': False, 'CLEAR_BOOKMARK_3_IGNORE': False, 'CLEAR_BOOKMARK_4_IGNORE': False, 'CLEAR_BOOKMARK_5_IGNORE': False, 'CLEAR_BOOKMARK_6_IGNORE': False, 'CLEAR_BOOKMARK_7_IGNORE': False, 'CLEAR_BOOKMARK_8_IGNORE': False, 'CLEAR_BOOKMARK_9_IGNORE': False, 'CLEAR_CLIPBOARD_IGNORE': False, 'CLEAR_WINDOW_APPLICATION_IGNORE': False, 'COPY_LAST_ECHO_TO_CLIPBOARD_IGNORE': False, 'COPY_MARKED_TO_CLIPBOARD_IGNORE': False, 'CURR_CLIPBOARD_IGNORE': False, 'CURR_SCREEN_IGNORE': False, 'CURR_SCREEN_AFTER_CURSOR_IGNORE': False, 'CURR_SCREEN_BEFORE_CURSOR_IGNORE': False, 'CURSOR_COLUMN_IGNORE': False, 'CURSOR_LINENO_IGNORE': False, 'CURSOR_POSITION_IGNORE': False, 'CURSOR_READ_TO_END_OF_LINE_IGNORE': False, 'DATE_IGNORE': False, 'DEC_ALSA_VOLUME_IGNORE': False, 'DEC_SOUND_VOLUME_IGNORE': False, 'DEC_SPEECH_PITCH_IGNORE': False, 'DEC_SPEECH_RATE_IGNORE': False, 'DEC_SPEECH_VOLUME_IGNORE': False, 'EXIT_REVIEW_IGNORE': False, 'EXPORT_CLIPBOARD_TO_FILE_IGNORE': False, 'EXPORT_CLIPBOARD_TO_X_IGNORE': False, 'FIRST_CLIPBOARD_IGNORE': False, 'FORWARD_KEYPRESS_IGNORE': False, 'IMPORT_CLIPBOARD_FROM_FILE_IGNORE': False, 'INC_ALSA_VOLUME_IGNORE': False, 'INC_SOUND_VOLUME_IGNORE': False, 'INC_SPEECH_PITCH_IGNORE': False, 'INC_SPEECH_RATE_IGNORE': False, 'INC_SPEECH_VOLUME_IGNORE': False, 'INDENT_CURR_LINE_IGNORE': False, 'LAST_CLIPBOARD_IGNORE': False, 'LAST_INCOMING_IGNORE': False, 'MARKED_TEXT_IGNORE': False, 'NEXT_CLIPBOARD_IGNORE': False, 'PASTE_CLIPBOARD_IGNORE': False, 'PRESENT_FIRST_LINE_IGNORE': False, 'PRESENT_LAST_LINE_IGNORE': False, 'PREV_CLIPBOARD_IGNORE': False, 'QUIT_FENRIR_IGNORE': False, 'REMOVE_MARKS_IGNORE': False, 'REMOVE_WORD_FROM_SPELL_CHECK_IGNORE': False, 'REVIEW_BOTTOM_IGNORE': False, 'REVIEW_CURR_CHAR_IGNORE': False, 'REVIEW_CURR_CHAR_PHONETIC_IGNORE': False, 'REVIEW_CURR_LINE_IGNORE': False, 'REVIEW_CURR_WORD_IGNORE': False, 'TIME_IGNORE': False, 'REVIEW_CURR_WORD_PHONETIC_IGNORE': False, 'REVIEW_DOWN_IGNORE': False, 'REVIEW_LINE_BEGIN_IGNORE': False, 'REVIEW_LINE_END_IGNORE': False, 'REVIEW_LINE_FIRST_CHAR_IGNORE': False, 'REVIEW_LINE_LAST_CHAR_IGNORE': False, 'REVIEW_NEXT_CHAR_IGNORE': False, 'REVIEW_NEXT_CHAR_PHONETIC_IGNORE': False, 'REVIEW_NEXT_LINE_IGNORE': False, 'REVIEW_NEXT_WORD_IGNORE': False, 'REVIEW_NEXT_WORD_PHONETIC_IGNORE': False, 'REVIEW_PREV_CHAR_IGNORE': False, 'REVIEW_PREV_CHAR_PHONETIC_IGNORE': False, 'REVIEW_PREV_LINE_IGNORE': False, 'REVIEW_PREV_WORD_IGNORE': False, 'REVIEW_PREV_WORD_PHONETIC_IGNORE': False, 'REVIEW_TOP_IGNORE': False, 'REVIEW_UP_IGNORE': False, 'SET_BOOKMARK_1_IGNORE': False, 'SET_BOOKMARK_10_IGNORE': False, 'SET_BOOKMARK_2_IGNORE': False, 'SET_BOOKMARK_3_IGNORE': False, 'SET_BOOKMARK_4_IGNORE': False, 'SET_BOOKMARK_5_IGNORE': False, 'SET_BOOKMARK_6_IGNORE': False, 'SET_BOOKMARK_7_IGNORE': False, 'SET_BOOKMARK_8_IGNORE': False, 'SET_BOOKMARK_9_IGNORE': False, 'SET_MARK_IGNORE': False, 'SET_WINDOW_APPLICATION_IGNORE': False, 'SHUT_UP_IGNORE': False, 'SPELL_CHECK_IGNORE': False, 'SUBPROCESS_IGNORE': False, 'TEMP_DISABLE_SPEECH_IGNORE': False, 'TOGGLE_AUTO_INDENT_IGNORE': False, 'TOGGLE_AUTO_READ_IGNORE': False, 'TOGGLE_AUTO_SPELL_CHECK_IGNORE': False, 'TOGGLE_AUTO_TIME_IGNORE': False, 'TOGGLE_BRAILLE_IGNORE': False, 'TOGGLE_EMOTICONS_IGNORE': False, 'TOGGLE_HIGHLIGHT_TRACKING_IGNORE': False, 'TOGGLE_OUTPUT_IGNORE': False, 'TOGGLE_PUNCTUATION_LEVEL_IGNORE': False, 'TOGGLE_SOUND_IGNORE': False, 'TOGGLE_SPEECH_IGNORE': False, 'TOGGLE_TUTORIAL_MODE_IGNORE': False}, 'onKeyInput': {'SHUT_UP_IGNORE': False, 'ENABLE_TEMP_SPEECH_IGNORE': False, 'CAPSLOCK_IGNORE': False, 'SCROLLLOCK_IGNORE': False, 'NUMLOCK_IGNORE': False}, 'onByteInput': {'SHUT_UP_IGNORE': False, 'ENABLE_TEMP_SPEECH_IGNORE': False}, 'onCursorChange': {'CHAR_ECHO_IGNORE': False, 'TAB_COMPLETION_IGNORE': False, 'PRESENT_CHAR_IF_CURSOR_CHANGE_HORIZONTAL_IGNORE': False, 'PRESENT_LINE_IF_CURSOR_CHANGE_VERTICAL_IGNORE': False, 'WORD_ECHO_TYPE_IGNORE': False, 'WORD_ECHO_NAVIGATION_IGNORE': False, 'SPELL_CHECK_IGNORE': False, 'CHAR_DELETE_ECHO_IGNORE': False, 'EXIT_REVIEW_MODE_IGNORE': False}, 'onScreenUpdate': {'HIGHLIGHT_TRACKING_IGNORE': False, 'HISTORY_IGNORE': False, 'INCOMING_IGNORE': False, 'INCOMING_PROMOTE_IGNORE': False}, 'onScreenChanged': {'SHUT_UP_IGNORE': False, 'SCREEN_CHANGE_ANNOUNCEMENT_IGNORE': False, 'RESET_MARKS_IGNORE': False, 'LEAVE_REVIEW_MODE_IGNORE': False}, 'onHeartBeat': {'GETSESSIONINFO_IGNORE': False, 'TIME_IGNORE': False}, 'onPlugInputDevice': {'UPDATEDEVICES_IGNORE': False, 'PLUGSOUND_IGNORE': False}, 'onApplicationChange': {}, 'onSwitchApplicationProfile': {'DEFAULT_IGNORE': False}, 'help': {'CURR_HELP_IGNORE': False, 'NEXT_HELP_IGNORE': False, 'PREV_HELP_IGNORE': False}}}
ANY INFO 2018-05-22 18:34:48.109854: Shortcut: [1, ['KEY_3', 'KEY_CTRL', 'KEY_FENRIR']] command:CLEAR_BOOKMARK_3
ANY INFO 2018-05-22 18:34:48.109938: Shortcut: [1, ['KEY_3', 'KEY_FENRIR', 'KEY_SHIFT']] command:SET_BOOKMARK_3
ANY INFO 2018-05-22 18:34:48.110000: Shortcut: [1, ['KEY_3', 'KEY_FENRIR']] command:BOOKMARK_3
ANY INFO 2018-05-22 18:34:48.110071: Shortcut: [1, ['KEY_4', 'KEY_CTRL', 'KEY_FENRIR']] command:CLEAR_BOOKMARK_4
ANY INFO 2018-05-22 18:34:48.110143: Shortcut: [1, ['KEY_4', 'KEY_FENRIR', 'KEY_SHIFT']] command:SET_BOOKMARK_4
ANY INFO 2018-05-22 18:34:48.110204: Shortcut: [1, ['KEY_4', 'KEY_FENRIR']] command:BOOKMARK_4
ANY INFO 2018-05-22 18:34:48.110274: Shortcut: [1, ['KEY_5', 'KEY_CTRL', 'KEY_FENRIR']] command:CLEAR_BOOKMARK_5
ANY INFO 2018-05-22 18:34:48.110344: Shortcut: [1, ['KEY_5', 'KEY_FENRIR', 'KEY_SHIFT']] command:SET_BOOKMARK_5
ANY INFO 2018-05-22 18:34:48.110404: Shortcut: [1, ['KEY_5', 'KEY_FENRIR']] command:BOOKMARK_5
ANY INFO 2018-05-22 18:34:48.110485: Shortcut: [1, ['KEY_6', 'KEY_CTRL', 'KEY_FENRIR']] command:CLEAR_BOOKMARK_6
ANY INFO 2018-05-22 18:34:48.110558: Shortcut: [1, ['KEY_6', 'KEY_FENRIR', 'KEY_SHIFT']] command:SET_BOOKMARK_6
ANY INFO 2018-05-22 18:34:48.110620: Shortcut: [1, ['KEY_6', 'KEY_FENRIR']] command:BOOKMARK_6
ANY INFO 2018-05-22 18:34:48.110692: Shortcut: [1, ['KEY_7', 'KEY_CTRL', 'KEY_FENRIR']] command:CLEAR_BOOKMARK_7
ANY INFO 2018-05-22 18:34:48.110765: Shortcut: [1, ['KEY_7', 'KEY_FENRIR', 'KEY_SHIFT']] command:SET_BOOKMARK_7
ANY INFO 2018-05-22 18:34:48.110827: Shortcut: [1, ['KEY_7', 'KEY_FENRIR']] command:BOOKMARK_7
ANY INFO 2018-05-22 18:34:48.110899: Shortcut: [1, ['KEY_8', 'KEY_CTRL', 'KEY_FENRIR']] command:CLEAR_BOOKMARK_8
ANY INFO 2018-05-22 18:34:48.110972: Shortcut: [1, ['KEY_8', 'KEY_FENRIR', 'KEY_SHIFT']] command:SET_BOOKMARK_8
ANY INFO 2018-05-22 18:34:48.111034: Shortcut: [1, ['KEY_8', 'KEY_FENRIR']] command:BOOKMARK_8
ANY INFO 2018-05-22 18:34:48.111106: Shortcut: [1, ['KEY_9', 'KEY_CTRL', 'KEY_FENRIR']] command:CLEAR_BOOKMARK_9
ANY INFO 2018-05-22 18:34:48.111178: Shortcut: [1, ['KEY_9', 'KEY_FENRIR', 'KEY_SHIFT']] command:SET_BOOKMARK_9
ANY INFO 2018-05-22 18:34:48.111240: Shortcut: [1, ['KEY_9', 'KEY_FENRIR']] command:BOOKMARK_9
ANY INFO 2018-05-22 18:34:48.111312: Shortcut: [1, ['KEY_0', 'KEY_CTRL', 'KEY_FENRIR']] command:CLEAR_BOOKMARK_10
ANY INFO 2018-05-22 18:34:48.111385: Shortcut: [1, ['KEY_0', 'KEY_FENRIR', 'KEY_SHIFT']] command:SET_BOOKMARK_10
ANY INFO 2018-05-22 18:34:48.111447: Shortcut: [1, ['KEY_0', 'KEY_FENRIR']] command:BOOKMARK_10
ANY INFO 2018-05-22 18:34:48.111534: Shortcut: [1, ['KEY_8', 'KEY_CTRL', 'KEY_FENRIR']] command:SET_WINDOW_APPLICATION
ANY INFO 2018-05-22 18:34:48.111629: Shortcut: [2, ['KEY_8', 'KEY_CTRL', 'KEY_FENRIR']] command:CLEAR_WINDOW_APPLICATION
ANY INFO 2018-05-22 18:34:48.111707: Shortcut: [1, ['KEY_FENRIR', 'KEY_SEMICOLON']] command:LAST_INCOMING
ANY INFO 2018-05-22 18:34:48.111770: Shortcut: [1, ['KEY_F2', 'KEY_FENRIR']] command:TOGGLE_BRAILLE
ANY INFO 2018-05-22 18:34:48.111832: Shortcut: [1, ['KEY_F3', 'KEY_FENRIR']] command:TOGGLE_SOUND
ANY INFO 2018-05-22 18:34:48.111895: Shortcut: [1, ['KEY_F4', 'KEY_FENRIR']] command:TOGGLE_SPEECH
ANY INFO 2018-05-22 18:34:48.111957: Shortcut: [1, ['KEY_ENTER', 'KEY_FENRIR']] command:TEMP_DISABLE_SPEECH
ANY INFO 2018-05-22 18:34:48.112041: Shortcut: [1, ['KEY_CTRL', 'KEY_FENRIR', 'KEY_P', 'KEY_SHIFT']] command:TOGGLE_PUNCTUATION_LEVEL
ANY INFO 2018-05-22 18:34:48.112112: Shortcut: [1, ['KEY_FENRIR', 'KEY_RIGHTBRACE']] command:TOGGLE_AUTO_SPELL_CHECK
ANY INFO 2018-05-22 18:34:48.112185: Shortcut: [1, ['KEY_ENTER', 'KEY_FENRIR', 'KEY_SHIFT']] command:TOGGLE_OUTPUT
ANY INFO 2018-05-22 18:34:48.112257: Shortcut: [1, ['KEY_E', 'KEY_FENRIR', 'KEY_SHIFT']] command:TOGGLE_EMOTICONS
ANY INFO 2018-05-22 18:34:48.112319: Shortcut: [1, ['KEY_ENTER', 'KEY_FENRIR']] command:TOGGLE_AUTO_READ
ANY INFO 2018-05-22 18:34:48.112392: Shortcut: [1, ['KEY_CTRL', 'KEY_FENRIR', 'KEY_T']] command:TOGGLE_AUTO_TIME
ANY INFO 2018-05-22 18:34:48.112454: Shortcut: [1, ['KEY_FENRIR', 'KEY_Y']] command:TOGGLE_HIGHLIGHT_TRACKING
ANY INFO 2018-05-22 18:34:48.112516: Shortcut: [1, ['KEY_FENRIR', 'KEY_Q']] command:QUIT_FENRIR
ANY INFO 2018-05-22 18:34:48.112577: Shortcut: [1, ['KEY_FENRIR', 'KEY_T']] command:TIME
ANY INFO 2018-05-22 18:34:48.112639: Shortcut: [2, ['KEY_FENRIR', 'KEY_T']] command:DATE
ANY INFO 2018-05-22 18:34:48.112701: Shortcut: [1, ['KEY_BACKSLASH', 'KEY_FENRIR']] command:TOGGLE_AUTO_INDENT
WARNING 2018-05-22 18:34:48.112757: invalid key : KEY_FENRIR<KEY_MINUS command:ATTRIBUTE_CURSOR
ANY INFO 2018-05-22 18:34:48.112818: Shortcut: [1, ['KEY_FENRIR', 'KEY_S']] command:SPELL_CHECK
ANY INFO 2018-05-22 18:34:48.112881: Shortcut: [2, ['KEY_FENRIR', 'KEY_S']] command:ADD_WORD_TO_SPELL_CHECK
ANY INFO 2018-05-22 18:34:48.112954: Shortcut: [1, ['KEY_FENRIR', 'KEY_S', 'KEY_SHIFT']] command:REMOVE_WORD_FROM_SPELL_CHECK
ANY INFO 2018-05-22 18:34:48.113016: Shortcut: [1, ['KEY_BACKSPACE', 'KEY_FENRIR']] command:FORWARD_KEYPRESS
ANY INFO 2018-05-22 18:34:48.113079: Shortcut: [1, ['KEY_FENRIR', 'KEY_UP']] command:INC_SPEECH_VOLUME
ANY INFO 2018-05-22 18:34:48.113142: Shortcut: [1, ['KEY_DOWN', 'KEY_FENRIR']] command:DEC_SPEECH_VOLUME
ANY INFO 2018-05-22 18:34:48.113206: Shortcut: [1, ['KEY_FENRIR', 'KEY_RIGHT']] command:INC_SPEECH_RATE
ANY INFO 2018-05-22 18:34:48.113271: Shortcut: [1, ['KEY_FENRIR', 'KEY_LEFT']] command:DEC_SPEECH_RATE
ANY INFO 2018-05-22 18:34:48.113348: Shortcut: [1, ['KEY_ALT', 'KEY_FENRIR', 'KEY_RIGHT']] command:INC_SPEECH_PITCH
ANY INFO 2018-05-22 18:34:48.113426: Shortcut: [1, ['KEY_ALT', 'KEY_FENRIR', 'KEY_LEFT']] command:DEC_SPEECH_PITCH
ANY INFO 2018-05-22 18:34:48.113503: Shortcut: [1, ['KEY_ALT', 'KEY_FENRIR', 'KEY_UP']] command:INC_SOUND_VOLUME
ANY INFO 2018-05-22 18:34:48.113577: Shortcut: [1, ['KEY_ALT', 'KEY_DOWN', 'KEY_FENRIR']] command:DEC_SOUND_VOLUME
ANY INFO 2018-05-22 18:34:48.113662: Shortcut: [1, ['KEY_C', 'KEY_CTRL', 'KEY_FENRIR', 'KEY_SHIFT']] command:CLEAR_CLIPBOARD
ANY INFO 2018-05-22 18:34:48.113726: Shortcut: [1, ['KEY_FENRIR', 'KEY_HOME']] command:FIRST_CLIPBOARD
ANY INFO 2018-05-22 18:34:48.113789: Shortcut: [1, ['KEY_END', 'KEY_FENRIR']] command:LAST_CLIPBOARD
ANY INFO 2018-05-22 18:34:48.113852: Shortcut: [1, ['KEY_FENRIR', 'KEY_PAGEUP']] command:PREV_CLIPBOARD
ANY INFO 2018-05-22 18:34:48.113915: Shortcut: [1, ['KEY_FENRIR', 'KEY_PAGEDOWN']] command:NEXT_CLIPBOARD
ANY INFO 2018-05-22 18:34:48.113987: Shortcut: [1, ['KEY_C', 'KEY_FENRIR', 'KEY_SHIFT']] command:CURR_CLIPBOARD
ANY INFO 2018-05-22 18:34:48.114050: Shortcut: [1, ['KEY_C', 'KEY_FENRIR']] command:COPY_MARKED_TO_CLIPBOARD
ANY INFO 2018-05-22 18:34:48.114122: Shortcut: [1, ['KEY_CTRL', 'KEY_FENRIR', 'KEY_U']] command:COPY_LAST_ECHO_TO_CLIPBOARD
ANY INFO 2018-05-22 18:34:48.114184: Shortcut: [1, ['KEY_FENRIR', 'KEY_V']] command:PASTE_CLIPBOARD
ANY INFO 2018-05-22 18:34:48.114246: Shortcut: [1, ['KEY_F5', 'KEY_FENRIR']] command:IMPORT_CLIPBOARD_FROM_FILE
ANY INFO 2018-05-22 18:34:48.114308: Shortcut: [1, ['KEY_F6', 'KEY_FENRIR']] command:EXPORT_CLIPBOARD_TO_FILE
ANY INFO 2018-05-22 18:34:48.114424: Shortcut: [1, ['KEY_CTRL', 'KEY_FENRIR', 'KEY_SHIFT', 'KEY_X']] command:REMOVE_MARKS
ANY INFO 2018-05-22 18:34:48.114501: Shortcut: [1, ['KEY_FENRIR', 'KEY_X']] command:SET_MARK
ANY INFO 2018-05-22 18:34:48.114578: Shortcut: [1, ['KEY_FENRIR', 'KEY_SHIFT', 'KEY_X']] command:MARKED_TEXT
ANY INFO 2018-05-22 18:34:48.114642: Shortcut: [1, ['KEY_F7', 'KEY_FENRIR']] command:EXPORT_CLIPBOARD_TO_X
ANY INFO 2018-05-22 18:34:48.114716: Shortcut: [1, ['KEY_CTRL', 'KEY_FENRIR', 'KEY_UP']] command:INC_ALSA_VOLUME
ANY INFO 2018-05-22 18:34:48.114789: Shortcut: [1, ['KEY_CTRL', 'KEY_DOWN', 'KEY_FENRIR']] command:DEC_ALSA_VOLUME
ANY INFO 2018-05-22 18:34:48.116114: Loading Driver speechDriver (genericDriver) OK
ANY INFO 2018-05-22 18:34:48.116509: Loading Driver soundDriver (genericDriver) OK
ANY INFO 2018-05-22 18:34:48.117423: Loading Driver brailleDriver (dummyDriver) OK
INFO 2018-05-22 18:34:48.128920: ScreenUpdate
INFO 2018-05-22 18:34:49.100167: ScreenUpdate
INFO 2018-05-22 18:34:49.156670: ScreenUpdate
INFO 2018-05-22 18:34:49.230919: ScreenUpdate
ANY INFO 2018-05-22 18:34:48.135511: \/-------settings.conf-------\/
ANY INFO 2018-05-22 18:34:48.135772: OrderedDict([('sound', OrderedDict([('enabled', 'True'), ('driver', 'genericDriver'), ('theme', '/usr/share/sounds/fenrirscreenreader/default'), ('volume', '1.0'), ('genericplayfilecommand', 'play -q -v fenrirVolume fenrirSoundFile'), ('genericfrequencycommand', 'play -q -v fenrirVolume -n -c1 synth fenrirDuration sine fenrirFrequence')])), ('speech', OrderedDict([('enabled', 'True'), ('driver', 'genericDriver'), ('serverpath', '/home/chrys/Projekte/emacspeak/servers/espeak'), ('rate', '1.0'), ('pitch', '0.5'), ('capitalpitch', '0.9'), ('volume', '1.0'), ('voice', 'en-us'), ('autoreadincoming', 'True'), ('genericspeechcommand', 'espeak -a fenrirVolume -s fenrirRate -p fenrirPitch -v fenrirVoice -- "fenrirText"'), ('fenrirminvolume', '0'), ('fenrirmaxvolume', '200'), ('fenrirminpitch', '0'), ('fenrirmaxpitch', '99'), ('fenrirminrate', '80'), ('fenrirmaxrate', '800')])), ('braille', OrderedDict([('enabled', 'False'), ('driver', 'dummyDriver'), ('layout', 'en'), ('flushmode', 'word'), ('flushtimeout', '3'), ('cursorfocusmode', 'page'), ('fixcursoroncell', '-1'), ('cursorfollowmode', 'review'), ('pansizehorizontal', '0')])), ('screen', OrderedDict([('driver', 'vcsaDriver'), ('encoding', 'auto'), ('screenupdatedelay', '0.05'), ('suspendingscreen', ''), ('suspendingscreenfile', '/tmp/fenrirSuspend'), ('autodetectsuspendingscreen', 'True')])), ('keyboard', OrderedDict([('driver', 'evdevDriver'), ('device', 'ALL'), ('grabdevices', 'True'), ('ignoreshortcuts', 'False'), ('keyboardlayout', '/etc/fenrirscreenreader/keyboard/laptop.conf'), ('charecho', 'False'), ('chardeleteecho', 'True'), ('wordecho', 'False'), ('interruptonkeypress', 'False'), ('interruptonkeypressfilter', ''), ('doubletaptimeout', '0.2')])), ('general', OrderedDict([('debuglevel', '5'), ('debugmode', 'File'), ('debugfile', '/var/log/fenrirscreenreader/fenrir.log'), ('punctuationprofile', '/etc/fenrirscreenreader/punctuation/default.conf'), ('punctuationlevel', 'some'), ('respectpunctuationpause', 'True'), ('newlinepause', 'True'), ('numberofclipboards', '10'), ('clipboardexportpath', '/tmp/fenrirClipboard'), ('emoticons', 'True'), ('fenrirkeys', 'KEY_KP0,KEY_META,KEY_INSERT'), ('scriptkey', 'KEY_COMPOSE'), ('timeformat', '%H:%M:%P'), ('dateformat', '%A, %B %d, %Y'), ('autospellcheck', 'True'), ('spellchecklanguage', 'en_US'), ('scriptpath', '/usr/share/fenrirscreenreader/scripts'), ('commandpath', ''), ('attributeformatstring', 'Background fenrirBGColor,Foreground fenrirFGColor,fenrirUnderline,fenrirBold,fenrirBlink, Font fenrirFont,Fontsize fenrirFontSize'), ('autopresentindent', 'False'), ('shell', '')])), ('focus', OrderedDict([('cursor', 'True'), ('highlight', 'False')])), ('review', OrderedDict([('linebreak', 'True'), ('endofscreen', 'True'), ('leavereviewoncursorchange', 'True'), ('leavereviewonscreenchange', 'True')])), ('promote', OrderedDict([('enabled', 'True'), ('inactivetimeoutsec', '120'), ('list', '')])), ('time', OrderedDict([('enabled', 'False'), ('presenttime', 'True'), ('presentdate', 'True'), ('delaysec', '0'), ('onminutes', '00,30'), ('announce', 'True'), ('interrupt', 'False')]))])
ANY INFO 2018-05-22 18:34:48.135861: \/-------self.settingArgDict-------\/
ANY INFO 2018-05-22 18:34:48.135931: {}
INFO 2018-05-22 18:34:48.136072: presentText:
soundIcon:'ScreenReaderOn'
Text:
Start Fenrir
INFO 2018-05-22 18:34:48.139422: soundIcon found
INFO 2018-05-22 18:34:48.141172: eventManager:eventDispatcher:start: event: HeartBeat
INFO 2018-05-22 18:34:48.141327: Executing trigger.command:onHeartBeat.2000-GETSESSIONINFO
INFO 2018-05-22 18:34:48.146887: Executing trigger.command:onHeartBeat.76000-TIME
INFO 2018-05-22 18:34:48.147034: eventManager:eventDispatcher:start: event: HeartBeat
INFO 2018-05-22 18:34:48.147097: Executing trigger.command:onHeartBeat.2000-GETSESSIONINFO
INFO 2018-05-22 18:34:48.152543: Executing trigger.command:onHeartBeat.76000-TIME
INFO 2018-05-22 18:34:48.157088: eventManager:eventDispatcher:start: event: ScreenUpdate
INFO 2018-05-22 18:34:48.157256: screenManager:isSuspendingScreen ['7'] current:7
INFO 2018-05-22 18:34:48.157532: Interrupt speech
INFO 2018-05-22 18:34:48.157663: screenManager:isSuspendingScreen ['7'] current:7
INFO 2018-05-22 18:34:48.199123: eventManager:eventDispatcher:start: event: HeartBeat
INFO 2018-05-22 18:34:48.199339: Executing trigger.command:onHeartBeat.2000-GETSESSIONINFO
INFO 2018-05-22 18:34:48.209342: Executing trigger.command:onHeartBeat.76000-TIME
INFO 2018-05-22 18:34:48.699750: eventManager:eventDispatcher:start: event: HeartBeat
INFO 2018-05-22 18:34:48.699940: Executing trigger.command:onHeartBeat.2000-GETSESSIONINFO
INFO 2018-05-22 18:34:48.709544: Executing trigger.command:onHeartBeat.76000-TIME
INFO 2018-05-22 18:34:49.129764: eventManager:eventDispatcher:start: event: ScreenUpdate
INFO 2018-05-22 18:34:49.130064: screenManager:isSuspendingScreen ['7'] current:7
INFO 2018-05-22 18:34:49.130341: screenManager:isSuspendingScreen ['7'] current:7
INFO 2018-05-22 18:34:49.187947: eventManager:eventDispatcher:start: event: ScreenUpdate
INFO 2018-05-22 18:34:49.188265: screenManager:isSuspendingScreen ['7'] current:7
INFO 2018-05-22 18:34:49.188546: screenManager:isSuspendingScreen ['7'] current:7
INFO 2018-05-22 18:34:49.200650: eventManager:eventDispatcher:start: event: HeartBeat
INFO 2018-05-22 18:34:49.200907: Executing trigger.command:onHeartBeat.2000-GETSESSIONINFO
INFO 2018-05-22 18:34:49.210670: Executing trigger.command:onHeartBeat.76000-TIME
INFO 2018-05-22 18:34:49.261605: eventManager:eventDispatcher:start: event: ScreenUpdate
INFO 2018-05-22 18:34:49.261904: screenManager:isSuspendingScreen ['7'] current:7
INFO 2018-05-22 18:34:49.262219: screenManager:isSuspendingScreen ['7'] current:7
INFO 2018-05-22 18:34:49.372623: eventManager:eventDispatcher:start: event: ScreenUpdate
INFO 2018-05-22 18:34:49.372927: screenManager:isSuspendingScreen ['7'] current:7
INFO 2018-05-22 18:34:49.373219: screenManager:isSuspendingScreen ['7'] current:7
INFO 2018-05-22 18:34:49.515760: eventManager:eventDispatcher:start: event: ScreenUpdate
INFO 2018-05-22 18:34:49.516053: screenManager:isSuspendingScreen ['7'] current:7
INFO 2018-05-22 18:34:49.516332: screenManager:isSuspendingScreen ['7'] current:7
INFO 2018-05-22 18:34:49.582263: eventManager:eventDispatcher:start: event: ScreenUpdate
INFO 2018-05-22 18:34:49.582556: screenManager:isSuspendingScreen ['7'] current:7
INFO 2018-05-22 18:34:49.582839: screenManager:isSuspendingScreen ['7'] current:7
INFO 2018-05-22 18:34:49.701115: eventManager:eventDispatcher:start: event: HeartBeat
INFO 2018-05-22 18:34:49.701299: Executing trigger.command:onHeartBeat.2000-GETSESSIONINFO
INFO 2018-05-22 18:34:49.708923: Executing trigger.command:onHeartBeat.76000-TIME
INFO 2018-05-22 18:34:49.709635: eventManager:eventDispatcher:start: event: ScreenUpdate
INFO 2018-05-22 18:34:49.709878: screenManager:isSuspendingScreen ['7'] current:7
INFO 2018-05-22 18:34:49.710277: screenManager:isSuspendingScreen ['7'] current:7
INFO 2018-05-22 18:34:49.732264: eventManager:eventDispatcher:start: event: ScreenUpdate
INFO 2018-05-22 18:34:49.732531: screenManager:isSuspendingScreen ['7'] current:7
INFO 2018-05-22 18:34:49.733227: screenManager:isSuspendingScreen ['7'] current:7
INFO 2018-05-22 18:34:49.808461: eventManager:eventDispatcher:start: event: ScreenUpdate
INFO 2018-05-22 18:34:49.808825: screenManager:isSuspendingScreen ['7'] current:7
INFO 2018-05-22 18:34:49.809007: screenManager:isSuspendingScreen ['7'] current:7
INFO 2018-05-22 18:34:49.885770: eventManager:eventDispatcher:start: event: ScreenUpdate
INFO 2018-05-22 18:34:49.886016: screenManager:isSuspendingScreen ['7'] current:7
INFO 2018-05-22 18:34:49.886259: screenManager:isSuspendingScreen ['7'] current:7
INFO 2018-05-22 18:34:49.949415: eventManager:eventDispatcher:start: event: ScreenUpdate
INFO 2018-05-22 18:34:49.949699: screenManager:isSuspendingScreen ['7'] current:7
INFO 2018-05-22 18:34:49.949977: screenManager:isSuspendingScreen ['7'] current:7
INFO 2018-05-22 18:34:50.064209: eventManager:eventDispatcher:start: event: ScreenUpdate
INFO 2018-05-22 18:34:50.064710: screenManager:isSuspendingScreen ['7'] current:7
INFO 2018-05-22 18:34:50.065005: screenManager:isSuspendingScreen ['7'] current:7
INFO 2018-05-22 18:34:50.094140: eventManager:eventDispatcher:start: event: ScreenUpdate
INFO 2018-05-22 18:34:50.094344: screenManager:isSuspendingScreen ['7'] current:7
INFO 2018-05-22 18:34:50.094472: screenManager:isSuspendingScreen ['7'] current:7
INFO 2018-05-22 18:34:50.182680: eventManager:eventDispatcher:start: event: ScreenUpdate
INFO 2018-05-22 18:34:50.182992: screenManager:isSuspendingScreen ['7'] current:7
INFO 2018-05-22 18:34:50.183288: screenManager:isSuspendingScreen ['7'] current:7
INFO 2018-05-22 18:34:50.201672: eventManager:eventDispatcher:start: event: HeartBeat
INFO 2018-05-22 18:34:50.201830: Executing trigger.command:onHeartBeat.2000-GETSESSIONINFO
INFO 2018-05-22 18:34:50.210125: Executing trigger.command:onHeartBeat.76000-TIME
INFO 2018-05-22 18:34:50.286861: eventManager:eventDispatcher:start: event: ScreenUpdate
INFO 2018-05-22 18:34:50.287201: screenManager:isSuspendingScreen ['7'] current:7
INFO 2018-05-22 18:34:50.287483: screenManager:isSuspendingScreen ['7'] current:7
INFO 2018-05-22 18:34:50.334114: eventManager:eventDispatcher:start: event: ScreenUpdate
INFO 2018-05-22 18:34:50.334370: screenManager:isSuspendingScreen ['7'] current:7
INFO 2018-05-22 18:34:50.334619: screenManager:isSuspendingScreen ['7'] current:7
INFO 2018-05-22 18:34:50.429710: eventManager:eventDispatcher:start: event: ScreenUpdate
INFO 2018-05-22 18:34:50.429993: screenManager:isSuspendingScreen ['7'] current:7
INFO 2018-05-22 18:34:50.430273: screenManager:isSuspendingScreen ['7'] current:7
INFO 2018-05-22 18:34:50.467956: eventManager:eventDispatcher:start: event: ScreenUpdate
INFO 2018-05-22 18:34:50.468222: screenManager:isSuspendingScreen ['7'] current:7
INFO 2018-05-22 18:34:50.468372: screenManager:isSuspendingScreen ['7'] current:7
INFO 2018-05-22 18:34:50.599707: eventManager:eventDispatcher:start: event: ScreenUpdate
INFO 2018-05-22 18:34:50.600038: screenManager:isSuspendingScreen ['7'] current:7
INFO 2018-05-22 18:34:50.600419: screenManager:isSuspendingScreen ['7'] current:7
INFO 2018-05-22 18:34:50.636737: eventManager:eventDispatcher:start: event: ScreenUpdate
INFO 2018-05-22 18:34:50.636942: screenManager:isSuspendingScreen ['7'] current:7
INFO 2018-05-22 18:34:50.637186: screenManager:isSuspendingScreen ['7'] current:7
INFO 2018-05-22 18:34:50.702347: eventManager:eventDispatcher:start: event: HeartBeat
INFO 2018-05-22 18:34:50.702515: Executing trigger.command:onHeartBeat.2000-GETSESSIONINFO
INFO 2018-05-22 18:34:50.712167: Executing trigger.command:onHeartBeat.76000-TIME
INFO 2018-05-22 18:34:50.753689: eventManager:eventDispatcher:start: event: ScreenUpdate
INFO 2018-05-22 18:34:50.753971: screenManager:isSuspendingScreen ['7'] current:7
INFO 2018-05-22 18:34:50.754249: screenManager:isSuspendingScreen ['7'] current:7
INFO 2018-05-22 18:34:50.780286: eventManager:eventDispatcher:start: event: ScreenUpdate
INFO 2018-05-22 18:34:50.780422: screenManager:isSuspendingScreen ['7'] current:7
INFO 2018-05-22 18:34:50.780548: screenManager:isSuspendingScreen ['7'] current:7
INFO 2018-05-22 18:34:50.876895: eventManager:eventDispatcher:start: event: ScreenUpdate
INFO 2018-05-22 18:34:50.877170: screenManager:isSuspendingScreen ['7'] current:7
INFO 2018-05-22 18:34:50.877447: screenManager:isSuspendingScreen ['7'] current:7
INFO 2018-05-22 18:34:50.964773: eventManager:eventDispatcher:start: event: ScreenUpdate
INFO 2018-05-22 18:34:50.964913: screenManager:isSuspendingScreen ['7'] current:7
INFO 2018-05-22 18:34:50.965042: screenManager:isSuspendingScreen ['7'] current:7
INFO 2018-05-22 18:34:51.024408: eventManager:eventDispatcher:start: event: ScreenUpdate
INFO 2018-05-22 18:34:51.024710: screenManager:isSuspendingScreen ['7'] current:7
INFO 2018-05-22 18:34:51.025021: screenManager:isSuspendingScreen ['7'] current:7
INFO 2018-05-22 18:34:51.066179: eventManager:eventDispatcher:start: event: ScreenUpdate
INFO 2018-05-22 18:34:51.066458: screenManager:isSuspendingScreen ['7'] current:7
INFO 2018-05-22 18:34:51.066738: screenManager:isSuspendingScreen ['7'] current:7
INFO 2018-05-22 18:34:51.119251: eventManager:eventDispatcher:start: event: ScreenUpdate
INFO 2018-05-22 18:34:51.119534: screenManager:isSuspendingScreen ['7'] current:7
INFO 2018-05-22 18:34:51.119814: screenManager:isSuspendingScreen ['7'] current:7
INFO 2018-05-22 18:34:51.203065: eventManager:eventDispatcher:start: event: HeartBeat
INFO 2018-05-22 18:34:51.203255: Executing trigger.command:onHeartBeat.2000-GETSESSIONINFO
INFO 2018-05-22 18:34:51.213077: Executing trigger.command:onHeartBeat.76000-TIME
INFO 2018-05-22 18:34:51.220205: eventManager:eventDispatcher:start: event: ScreenUpdate
INFO 2018-05-22 18:34:51.220374: screenManager:isSuspendingScreen ['7'] current:7
INFO 2018-05-22 18:34:51.220603: screenManager:isSuspendingScreen ['7'] current:7
INFO 2018-05-22 18:34:51.322189: eventManager:eventDispatcher:start: event: ScreenUpdate
INFO 2018-05-22 18:34:51.322476: screenManager:isSuspendingScreen ['7'] current:7
INFO 2018-05-22 18:34:51.322757: screenManager:isSuspendingScreen ['7'] current:7
INFO 2018-05-22 18:34:51.363362: eventManager:eventDispatcher:start: event: ScreenUpdate
INFO 2018-05-22 18:34:51.363596: screenManager:isSuspendingScreen ['7'] current:7
INFO 2018-05-22 18:34:51.363816: screenManager:isSuspendingScreen ['7'] current:7
INFO 2018-05-22 18:34:51.468672: eventManager:eventDispatcher:start: event: ScreenUpdate
INFO 2018-05-22 18:34:51.468895: screenManager:isSuspendingScreen ['7'] current:7
INFO 2018-05-22 18:34:51.469173: screenManager:isSuspendingScreen ['7'] current:7
INFO 2018-05-22 18:34:51.556826: eventManager:eventDispatcher:start: event: ScreenUpdate
INFO 2018-05-22 18:34:51.557110: screenManager:isSuspendingScreen ['7'] current:7
INFO 2018-05-22 18:34:51.557390: screenManager:isSuspendingScreen ['7'] current:7
INFO 2018-05-22 18:34:51.583883: eventManager:eventDispatcher:start: event: ScreenUpdate
INFO 2018-05-22 18:34:51.584185: screenManager:isSuspendingScreen ['7'] current:7
INFO 2018-05-22 18:34:51.584502: screenManager:isSuspendingScreen ['7'] current:7
INFO 2018-05-22 18:34:51.643129: eventManager:eventDispatcher:start: event: ScreenUpdate
INFO 2018-05-22 18:34:51.643374: screenManager:isSuspendingScreen ['7'] current:7
INFO 2018-05-22 18:34:51.643634: screenManager:isSuspendingScreen ['7'] current:7
INFO 2018-05-22 18:34:51.688063: eventManager:eventDispatcher:start: event: ScreenUpdate
INFO 2018-05-22 18:34:51.688322: screenManager:isSuspendingScreen ['7'] current:7
INFO 2018-05-22 18:34:51.688582: screenManager:isSuspendingScreen ['7'] current:7
INFO 2018-05-22 18:34:51.703625: eventManager:eventDispatcher:start: event: HeartBeat
INFO 2018-05-22 18:34:51.703778: Executing trigger.command:onHeartBeat.2000-GETSESSIONINFO
INFO 2018-05-22 18:34:51.713256: Executing trigger.command:onHeartBeat.76000-TIME
INFO 2018-05-22 18:34:51.750361: eventManager:eventDispatcher:start: event: ScreenUpdate
INFO 2018-05-22 18:34:51.750643: screenManager:isSuspendingScreen ['7'] current:7
INFO 2018-05-22 18:34:51.750924: screenManager:isSuspendingScreen ['7'] current:7
INFO 2018-05-22 18:34:51.776717: eventManager:eventDispatcher:start: event: ScreenUpdate
INFO 2018-05-22 18:34:51.776964: screenManager:isSuspendingScreen ['7'] current:7
INFO 2018-05-22 18:34:51.777191: screenManager:isSuspendingScreen ['7'] current:7
INFO 2018-05-22 18:34:51.873180: eventManager:eventDispatcher:start: event: ScreenUpdate
INFO 2018-05-22 18:34:51.873457: screenManager:isSuspendingScreen ['7'] current:7
INFO 2018-05-22 18:34:51.873734: screenManager:isSuspendingScreen ['7'] current:7
INFO 2018-05-22 18:34:51.920098: eventManager:eventDispatcher:start: event: ScreenUpdate
INFO 2018-05-22 18:34:51.920355: screenManager:isSuspendingScreen ['7'] current:7
INFO 2018-05-22 18:34:51.920574: screenManager:isSuspendingScreen ['7'] current:7
INFO 2018-05-22 18:34:52.045797: eventManager:eventDispatcher:start: event: ScreenUpdate
INFO 2018-05-22 18:34:52.046067: screenManager:isSuspendingScreen ['7'] current:7
INFO 2018-05-22 18:34:52.046578: screenManager:isSuspendingScreen ['7'] current:7
INFO 2018-05-22 18:34:52.141122: eventManager:eventDispatcher:start: event: ScreenUpdate
INFO 2018-05-22 18:34:52.141409: screenManager:isSuspendingScreen ['7'] current:7
INFO 2018-05-22 18:34:52.141692: screenManager:isSuspendingScreen ['7'] current:7
INFO 2018-05-22 18:34:52.168789: eventManager:eventDispatcher:start: event: ScreenUpdate
INFO 2018-05-22 18:34:52.169048: screenManager:isSuspendingScreen ['7'] current:7
INFO 2018-05-22 18:34:52.169275: screenManager:isSuspendingScreen ['7'] current:7
INFO 2018-05-22 18:34:52.204359: eventManager:eventDispatcher:start: event: HeartBeat
INFO 2018-05-22 18:34:52.204524: Executing trigger.command:onHeartBeat.2000-GETSESSIONINFO
INFO 2018-05-22 18:34:52.213918: Executing trigger.command:onHeartBeat.76000-TIME
INFO 2018-05-22 18:34:52.244853: eventManager:eventDispatcher:start: event: ScreenUpdate
INFO 2018-05-22 18:34:52.245144: screenManager:isSuspendingScreen ['7'] current:7
INFO 2018-05-22 18:34:52.245459: screenManager:isSuspendingScreen ['7'] current:7
INFO 2018-05-22 18:34:52.341354: eventManager:eventDispatcher:start: event: ScreenUpdate
INFO 2018-05-22 18:34:52.341655: screenManager:isSuspendingScreen ['7'] current:7
INFO 2018-05-22 18:34:52.341943: screenManager:isSuspendingScreen ['7'] current:7
INFO 2018-05-22 18:34:52.442240: eventManager:eventDispatcher:start: event: ScreenUpdate
INFO 2018-05-22 18:34:52.442526: screenManager:isSuspendingScreen ['7'] current:7
INFO 2018-05-22 18:34:52.442809: screenManager:isSuspendingScreen ['7'] current:7
INFO 2018-05-22 18:34:52.481490: eventManager:eventDispatcher:start: event: ScreenUpdate
INFO 2018-05-22 18:34:52.481696: screenManager:isSuspendingScreen ['7'] current:7
INFO 2018-05-22 18:34:52.481945: screenManager:isSuspendingScreen ['7'] current:7
INFO 2018-05-22 18:34:52.482129: eventManager:eventDispatcher:start: event: HeartBeat
INFO 2018-05-22 18:34:52.482202: Executing trigger.command:onHeartBeat.2000-GETSESSIONINFO
INFO 2018-05-22 18:34:52.487845: Executing trigger.command:onHeartBeat.76000-TIME
INFO 2018-05-22 18:34:52.488105: eventManager:eventDispatcher:start: event: StopMainLoop
INFO 2018-05-22 18:34:52.588604: presentText:
soundIcon:'ScreenReaderOff'
Text:
Quit Fenrir
INFO 2018-05-22 18:34:52.593424: soundIcon found
INFO 2018-05-22 18:34:53.206177: InputDriver evdev: device removed:  11 device /dev/input/event3, name "AT Translated Set 2 keyboard", phys "isa0060/serio0/input0"
